2020-12-02 23:23:07,232 [INFO] Activator:170 - 


2020-12-02 23:23:07,234 [INFO] Activator:171 - !SESSION log4j initialized
2020-12-06 22:32:57,797 [INFO] Activator:170 - 


2020-12-06 22:32:57,797 [INFO] Activator:171 - !SESSION log4j initialized
2020-12-06 22:40:12,607 [INFO] LogOutputStream:76 - [STDOUT_REDIRECT] Compilation Unit @ b
2020-12-06 22:40:12,608 [INFO] LogOutputStream:76 - [STDOUT_REDIRECT] Length: 560
2020-12-06 22:40:12,609 [INFO] LogOutputStream:76 - [STDOUT_REDIRECT] Version: 4
2020-12-06 22:40:12,610 [INFO] LogOutputStream:76 - [STDOUT_REDIRECT] Abbreviation: 0
2020-12-06 22:40:12,610 [INFO] LogOutputStream:76 - [STDOUT_REDIRECT] Address size: 4
2020-12-06 22:40:12,612 [INFO] LogOutputStream:76 - [STDOUT_REDIRECT] Offset size: 4
2020-12-06 22:40:12,613 [INFO] LogOutputStream:76 - [STDOUT_REDIRECT] 	Abrev Entry: 1 11 1
2020-12-06 22:40:12,614 [INFO] LogOutputStream:76 - [STDOUT_REDIRECT] 		 25 8
2020-12-06 22:40:12,615 [INFO] LogOutputStream:76 - [STDOUT_REDIRECT] 		 13 b
2020-12-06 22:40:12,616 [INFO] LogOutputStream:76 - [STDOUT_REDIRECT] 		 3 8
2020-12-06 22:40:12,631 [INFO] LogOutputStream:76 - [STDOUT_REDIRECT] 		 1b 8
2020-12-06 22:40:12,631 [INFO] LogOutputStream:76 - [STDOUT_REDIRECT] 		 11 1
2020-12-06 22:40:12,633 [INFO] LogOutputStream:76 - [STDOUT_REDIRECT] 		 12 6
2020-12-06 22:40:12,634 [INFO] LogOutputStream:76 - [STDOUT_REDIRECT] 		 10 17
2020-12-06 22:40:12,635 [INFO] LogOutputStream:76 - [STDOUT_REDIRECT] 		 2119 17
2020-12-06 22:40:12,635 [INFO] LogOutputStream:76 - [STDOUT_REDIRECT] 		 0 0
2020-12-06 22:40:12,636 [INFO] LogOutputStream:76 - [STDOUT_REDIRECT] 	Abrev Entry: 2 24 0
2020-12-06 22:40:12,637 [INFO] LogOutputStream:76 - [STDOUT_REDIRECT] 		 b b
2020-12-06 22:40:12,638 [INFO] LogOutputStream:76 - [STDOUT_REDIRECT] 		 3e b
2020-12-06 22:40:12,639 [INFO] LogOutputStream:76 - [STDOUT_REDIRECT] 		 3 8
2020-12-06 22:40:12,639 [INFO] LogOutputStream:76 - [STDOUT_REDIRECT] 		 0 0
2020-12-06 22:40:12,641 [INFO] LogOutputStream:76 - [STDOUT_REDIRECT] 	Abrev Entry: 3 13 1
2020-12-06 22:40:12,641 [INFO] LogOutputStream:76 - [STDOUT_REDIRECT] 		 3 8
2020-12-06 22:40:12,642 [INFO] LogOutputStream:76 - [STDOUT_REDIRECT] 		 b b
2020-12-06 22:40:12,643 [INFO] LogOutputStream:76 - [STDOUT_REDIRECT] 		 3a b
2020-12-06 22:40:12,643 [INFO] LogOutputStream:76 - [STDOUT_REDIRECT] 		 3b b
2020-12-06 22:40:12,643 [INFO] LogOutputStream:76 - [STDOUT_REDIRECT] 		 39 b
2020-12-06 22:40:12,643 [INFO] LogOutputStream:76 - [STDOUT_REDIRECT] 		 1 13
2020-12-06 22:40:12,643 [INFO] LogOutputStream:76 - [STDOUT_REDIRECT] 		 0 0
2020-12-06 22:40:12,643 [INFO] LogOutputStream:76 - [STDOUT_REDIRECT] 	Abrev Entry: 4 d 0
2020-12-06 22:40:12,648 [INFO] LogOutputStream:76 - [STDOUT_REDIRECT] 		 3 8
2020-12-06 22:40:12,649 [INFO] LogOutputStream:76 - [STDOUT_REDIRECT] 		 3a b
2020-12-06 22:40:12,650 [INFO] LogOutputStream:76 - [STDOUT_REDIRECT] 		 3b b
2020-12-06 22:40:12,651 [INFO] LogOutputStream:76 - [STDOUT_REDIRECT] 		 39 b
2020-12-06 22:40:12,652 [INFO] LogOutputStream:76 - [STDOUT_REDIRECT] 		 49 13
2020-12-06 22:40:12,652 [INFO] LogOutputStream:76 - [STDOUT_REDIRECT] 		 38 b
2020-12-06 22:40:12,653 [INFO] LogOutputStream:76 - [STDOUT_REDIRECT] 		 0 0
2020-12-06 22:40:12,654 [INFO] LogOutputStream:76 - [STDOUT_REDIRECT] 	Abrev Entry: 5 f 0
2020-12-06 22:40:12,656 [INFO] LogOutputStream:76 - [STDOUT_REDIRECT] 		 b b
2020-12-06 22:40:12,656 [INFO] LogOutputStream:76 - [STDOUT_REDIRECT] 		 49 13
2020-12-06 22:40:12,656 [INFO] LogOutputStream:76 - [STDOUT_REDIRECT] 		 0 0
2020-12-06 22:40:12,658 [INFO] LogOutputStream:76 - [STDOUT_REDIRECT] 	Abrev Entry: 6 16 0
2020-12-06 22:40:12,659 [INFO] LogOutputStream:76 - [STDOUT_REDIRECT] 		 3 8
2020-12-06 22:40:12,659 [INFO] LogOutputStream:76 - [STDOUT_REDIRECT] 		 3a b
2020-12-06 22:40:12,660 [INFO] LogOutputStream:76 - [STDOUT_REDIRECT] 		 3b b
2020-12-06 22:40:12,661 [INFO] LogOutputStream:76 - [STDOUT_REDIRECT] 		 39 b
2020-12-06 22:40:12,661 [INFO] LogOutputStream:76 - [STDOUT_REDIRECT] 		 49 13
2020-12-06 22:40:12,663 [INFO] LogOutputStream:76 - [STDOUT_REDIRECT] 		 0 0
2020-12-06 22:40:12,664 [INFO] LogOutputStream:76 - [STDOUT_REDIRECT] 	Abrev Entry: 7 1 1
2020-12-06 22:40:12,664 [INFO] LogOutputStream:76 - [STDOUT_REDIRECT] 		 49 13
2020-12-06 22:40:12,665 [INFO] LogOutputStream:76 - [STDOUT_REDIRECT] 		 1 13
2020-12-06 22:40:12,666 [INFO] LogOutputStream:76 - [STDOUT_REDIRECT] 		 0 0
2020-12-06 22:40:12,669 [INFO] LogOutputStream:76 - [STDOUT_REDIRECT] 	Abrev Entry: 8 21 0
2020-12-06 22:40:12,670 [INFO] LogOutputStream:76 - [STDOUT_REDIRECT] 		 0 0
2020-12-06 22:40:12,671 [INFO] LogOutputStream:76 - [STDOUT_REDIRECT] 	Abrev Entry: 9 34 0
2020-12-06 22:40:12,672 [INFO] LogOutputStream:76 - [STDOUT_REDIRECT] 		 3 8
2020-12-06 22:40:12,673 [INFO] LogOutputStream:76 - [STDOUT_REDIRECT] 		 3a b
2020-12-06 22:40:12,674 [INFO] LogOutputStream:76 - [STDOUT_REDIRECT] 		 3b b
2020-12-06 22:40:12,674 [INFO] LogOutputStream:76 - [STDOUT_REDIRECT] 		 39 b
2020-12-06 22:40:12,674 [INFO] LogOutputStream:76 - [STDOUT_REDIRECT] 		 49 13
2020-12-06 22:40:12,676 [INFO] LogOutputStream:76 - [STDOUT_REDIRECT] 		 3f 19
2020-12-06 22:40:12,677 [INFO] LogOutputStream:76 - [STDOUT_REDIRECT] 		 3c 19
2020-12-06 22:40:12,678 [INFO] LogOutputStream:76 - [STDOUT_REDIRECT] 		 0 0
2020-12-06 22:40:12,679 [INFO] LogOutputStream:76 - [STDOUT_REDIRECT] 	Abrev Entry: 10 34 0
2020-12-06 22:40:12,679 [INFO] LogOutputStream:76 - [STDOUT_REDIRECT] 		 3 8
2020-12-06 22:40:12,679 [INFO] LogOutputStream:76 - [STDOUT_REDIRECT] 		 3a b
2020-12-06 22:40:12,680 [INFO] LogOutputStream:76 - [STDOUT_REDIRECT] 		 3b b
2020-12-06 22:40:12,681 [INFO] LogOutputStream:76 - [STDOUT_REDIRECT] 		 39 b
2020-12-06 22:40:12,682 [INFO] LogOutputStream:76 - [STDOUT_REDIRECT] 		 49 13
2020-12-06 22:40:12,682 [INFO] LogOutputStream:76 - [STDOUT_REDIRECT] 		 3f 19
2020-12-06 22:40:12,683 [INFO] LogOutputStream:76 - [STDOUT_REDIRECT] 		 2 18
2020-12-06 22:40:12,683 [INFO] LogOutputStream:76 - [STDOUT_REDIRECT] 		 0 0
2020-12-06 22:40:12,685 [INFO] LogOutputStream:76 - [STDOUT_REDIRECT] 	Abrev Entry: 11 2e 0
2020-12-06 22:40:12,685 [INFO] LogOutputStream:76 - [STDOUT_REDIRECT] 		 3f 19
2020-12-06 22:40:12,686 [INFO] LogOutputStream:76 - [STDOUT_REDIRECT] 		 3 8
2020-12-06 22:40:12,686 [INFO] LogOutputStream:76 - [STDOUT_REDIRECT] 		 3a b
2020-12-06 22:40:12,686 [INFO] LogOutputStream:76 - [STDOUT_REDIRECT] 		 3b b
2020-12-06 22:40:12,688 [INFO] LogOutputStream:76 - [STDOUT_REDIRECT] 		 39 b
2020-12-06 22:40:12,688 [INFO] LogOutputStream:76 - [STDOUT_REDIRECT] 		 27 19
2020-12-06 22:40:12,688 [INFO] LogOutputStream:76 - [STDOUT_REDIRECT] 		 49 13
2020-12-06 22:40:12,688 [INFO] LogOutputStream:76 - [STDOUT_REDIRECT] 		 11 1
2020-12-06 22:40:12,688 [INFO] LogOutputStream:76 - [STDOUT_REDIRECT] 		 12 6
2020-12-06 22:40:12,691 [INFO] LogOutputStream:76 - [STDOUT_REDIRECT] 		 40 18
2020-12-06 22:40:12,706 [INFO] LogOutputStream:76 - [STDOUT_REDIRECT] 		 2116 19
2020-12-06 22:40:12,707 [INFO] LogOutputStream:76 - [STDOUT_REDIRECT] 		 0 0
2020-12-06 22:40:12,709 [INFO] LogOutputStream:76 - [STDOUT_REDIRECT] Compilation Unit @ 23f
2020-12-06 22:40:12,710 [INFO] LogOutputStream:76 - [STDOUT_REDIRECT] Length: 34
2020-12-06 22:40:12,710 [INFO] LogOutputStream:76 - [STDOUT_REDIRECT] Version: 2
2020-12-06 22:40:12,710 [INFO] LogOutputStream:76 - [STDOUT_REDIRECT] Abbreviation: 172
2020-12-06 22:40:12,710 [INFO] LogOutputStream:76 - [STDOUT_REDIRECT] Address size: 4
2020-12-06 22:40:12,713 [INFO] LogOutputStream:76 - [STDOUT_REDIRECT] Offset size: 4
2020-12-06 22:40:12,714 [INFO] LogOutputStream:76 - [STDOUT_REDIRECT] 	Abrev Entry: 1 11 0
2020-12-06 22:40:12,715 [INFO] LogOutputStream:76 - [STDOUT_REDIRECT] 		 10 6
2020-12-06 22:40:12,715 [INFO] LogOutputStream:76 - [STDOUT_REDIRECT] 		 11 1
2020-12-06 22:40:12,716 [INFO] LogOutputStream:76 - [STDOUT_REDIRECT] 		 12 1
2020-12-06 22:40:12,716 [INFO] LogOutputStream:76 - [STDOUT_REDIRECT] 		 3 e
2020-12-06 22:40:12,717 [INFO] LogOutputStream:76 - [STDOUT_REDIRECT] 		 1b e
2020-12-06 22:40:12,717 [INFO] LogOutputStream:76 - [STDOUT_REDIRECT] 		 25 e
2020-12-06 22:40:12,718 [INFO] LogOutputStream:76 - [STDOUT_REDIRECT] 		 13 5
2020-12-06 22:40:12,718 [INFO] LogOutputStream:76 - [STDOUT_REDIRECT] 		 0 0
2020-12-06 22:40:12,720 [INFO] LogOutputStream:76 - [STDOUT_REDIRECT] Compilation Unit @ 265
2020-12-06 22:40:12,720 [INFO] LogOutputStream:76 - [STDOUT_REDIRECT] Length: 7842
2020-12-06 22:40:12,720 [INFO] LogOutputStream:76 - [STDOUT_REDIRECT] Version: 4
2020-12-06 22:40:12,722 [INFO] LogOutputStream:76 - [STDOUT_REDIRECT] Abbreviation: 192
2020-12-06 22:40:12,723 [INFO] LogOutputStream:76 - [STDOUT_REDIRECT] Address size: 4
2020-12-06 22:40:12,723 [INFO] LogOutputStream:76 - [STDOUT_REDIRECT] Offset size: 4
2020-12-06 22:40:12,725 [INFO] LogOutputStream:76 - [STDOUT_REDIRECT] 	Abrev Entry: 1 11 1
2020-12-06 22:40:12,726 [INFO] LogOutputStream:76 - [STDOUT_REDIRECT] 		 25 8
2020-12-06 22:40:12,726 [INFO] LogOutputStream:76 - [STDOUT_REDIRECT] 		 13 b
2020-12-06 22:40:12,727 [INFO] LogOutputStream:76 - [STDOUT_REDIRECT] 		 3 8
2020-12-06 22:40:12,727 [INFO] LogOutputStream:76 - [STDOUT_REDIRECT] 		 1b 8
2020-12-06 22:40:12,727 [INFO] LogOutputStream:76 - [STDOUT_REDIRECT] 		 10 17
2020-12-06 22:40:12,728 [INFO] LogOutputStream:76 - [STDOUT_REDIRECT] 		 0 0
2020-12-06 22:40:12,729 [INFO] LogOutputStream:76 - [STDOUT_REDIRECT] 	Abrev Entry: 2 24 0
2020-12-06 22:40:12,730 [INFO] LogOutputStream:76 - [STDOUT_REDIRECT] 		 b b
2020-12-06 22:40:12,731 [INFO] LogOutputStream:76 - [STDOUT_REDIRECT] 		 3e b
2020-12-06 22:40:12,731 [INFO] LogOutputStream:76 - [STDOUT_REDIRECT] 		 3 8
2020-12-06 22:40:12,732 [INFO] LogOutputStream:76 - [STDOUT_REDIRECT] 		 0 0
2020-12-06 22:40:12,732 [INFO] LogOutputStream:76 - [STDOUT_REDIRECT] 	Abrev Entry: 3 26 0
2020-12-06 22:40:12,732 [INFO] LogOutputStream:76 - [STDOUT_REDIRECT] 		 49 13
2020-12-06 22:40:12,732 [INFO] LogOutputStream:76 - [STDOUT_REDIRECT] 		 0 0
2020-12-06 22:40:12,734 [INFO] LogOutputStream:76 - [STDOUT_REDIRECT] 	Abrev Entry: 4 13 1
2020-12-06 22:40:12,734 [INFO] LogOutputStream:76 - [STDOUT_REDIRECT] 		 3 8
2020-12-06 22:40:12,735 [INFO] LogOutputStream:76 - [STDOUT_REDIRECT] 		 b b
2020-12-06 22:40:12,735 [INFO] LogOutputStream:76 - [STDOUT_REDIRECT] 		 3a b
2020-12-06 22:40:12,736 [INFO] LogOutputStream:76 - [STDOUT_REDIRECT] 		 3b b
2020-12-06 22:40:12,736 [INFO] LogOutputStream:76 - [STDOUT_REDIRECT] 		 39 b
2020-12-06 22:40:12,737 [INFO] LogOutputStream:76 - [STDOUT_REDIRECT] 		 1 13
2020-12-06 22:40:12,737 [INFO] LogOutputStream:76 - [STDOUT_REDIRECT] 		 0 0
2020-12-06 22:40:12,738 [INFO] LogOutputStream:76 - [STDOUT_REDIRECT] 	Abrev Entry: 5 d 0
2020-12-06 22:40:12,738 [INFO] LogOutputStream:76 - [STDOUT_REDIRECT] 		 3 8
2020-12-06 22:40:12,738 [INFO] LogOutputStream:76 - [STDOUT_REDIRECT] 		 3a b
2020-12-06 22:40:12,738 [INFO] LogOutputStream:76 - [STDOUT_REDIRECT] 		 3b b
2020-12-06 22:40:12,738 [INFO] LogOutputStream:76 - [STDOUT_REDIRECT] 		 39 b
2020-12-06 22:40:12,738 [INFO] LogOutputStream:76 - [STDOUT_REDIRECT] 		 49 13
2020-12-06 22:40:12,738 [INFO] LogOutputStream:76 - [STDOUT_REDIRECT] 		 38 b
2020-12-06 22:40:12,738 [INFO] LogOutputStream:76 - [STDOUT_REDIRECT] 		 0 0
2020-12-06 22:40:12,743 [INFO] LogOutputStream:76 - [STDOUT_REDIRECT] 	Abrev Entry: 6 f 0
2020-12-06 22:40:12,744 [INFO] LogOutputStream:76 - [STDOUT_REDIRECT] 		 b b
2020-12-06 22:40:12,744 [INFO] LogOutputStream:76 - [STDOUT_REDIRECT] 		 49 13
2020-12-06 22:40:12,744 [INFO] LogOutputStream:76 - [STDOUT_REDIRECT] 		 0 0
2020-12-06 22:40:12,745 [INFO] LogOutputStream:76 - [STDOUT_REDIRECT] 	Abrev Entry: 7 16 0
2020-12-06 22:40:12,745 [INFO] LogOutputStream:76 - [STDOUT_REDIRECT] 		 3 8
2020-12-06 22:40:12,745 [INFO] LogOutputStream:76 - [STDOUT_REDIRECT] 		 3a b
2020-12-06 22:40:12,746 [INFO] LogOutputStream:76 - [STDOUT_REDIRECT] 		 3b b
2020-12-06 22:40:12,746 [INFO] LogOutputStream:76 - [STDOUT_REDIRECT] 		 39 b
2020-12-06 22:40:12,747 [INFO] LogOutputStream:76 - [STDOUT_REDIRECT] 		 49 13
2020-12-06 22:40:12,747 [INFO] LogOutputStream:76 - [STDOUT_REDIRECT] 		 0 0
2020-12-06 22:40:12,748 [INFO] LogOutputStream:76 - [STDOUT_REDIRECT] 	Abrev Entry: 8 1 1
2020-12-06 22:40:12,748 [INFO] LogOutputStream:76 - [STDOUT_REDIRECT] 		 49 13
2020-12-06 22:40:12,748 [INFO] LogOutputStream:76 - [STDOUT_REDIRECT] 		 1 13
2020-12-06 22:40:12,748 [INFO] LogOutputStream:76 - [STDOUT_REDIRECT] 		 0 0
2020-12-06 22:40:12,748 [INFO] LogOutputStream:76 - [STDOUT_REDIRECT] 	Abrev Entry: 9 21 0
2020-12-06 22:40:12,748 [INFO] LogOutputStream:76 - [STDOUT_REDIRECT] 		 0 0
2020-12-06 22:40:12,748 [INFO] LogOutputStream:76 - [STDOUT_REDIRECT] 	Abrev Entry: 10 34 0
2020-12-06 22:40:12,752 [INFO] LogOutputStream:76 - [STDOUT_REDIRECT] 		 3 8
2020-12-06 22:40:12,752 [INFO] LogOutputStream:76 - [STDOUT_REDIRECT] 		 3a b
2020-12-06 22:40:12,753 [INFO] LogOutputStream:76 - [STDOUT_REDIRECT] 		 3b b
2020-12-06 22:40:12,753 [INFO] LogOutputStream:76 - [STDOUT_REDIRECT] 		 39 b
2020-12-06 22:40:12,753 [INFO] LogOutputStream:76 - [STDOUT_REDIRECT] 		 49 13
2020-12-06 22:40:12,754 [INFO] LogOutputStream:76 - [STDOUT_REDIRECT] 		 3f 19
2020-12-06 22:40:12,754 [INFO] LogOutputStream:76 - [STDOUT_REDIRECT] 		 3c 19
2020-12-06 22:40:12,754 [INFO] LogOutputStream:76 - [STDOUT_REDIRECT] 		 0 0
2020-12-06 22:40:12,754 [INFO] LogOutputStream:76 - [STDOUT_REDIRECT] 	Abrev Entry: 11 34 0
2020-12-06 22:40:12,754 [INFO] LogOutputStream:76 - [STDOUT_REDIRECT] 		 3 8
2020-12-06 22:40:12,754 [INFO] LogOutputStream:76 - [STDOUT_REDIRECT] 		 3a b
2020-12-06 22:40:12,758 [INFO] LogOutputStream:76 - [STDOUT_REDIRECT] 		 3b 5
2020-12-06 22:40:12,758 [INFO] LogOutputStream:76 - [STDOUT_REDIRECT] 		 39 b
2020-12-06 22:40:12,759 [INFO] LogOutputStream:76 - [STDOUT_REDIRECT] 		 49 13
2020-12-06 22:40:12,759 [INFO] LogOutputStream:76 - [STDOUT_REDIRECT] 		 3f 19
2020-12-06 22:40:12,759 [INFO] LogOutputStream:76 - [STDOUT_REDIRECT] 		 3c 19
2020-12-06 22:40:12,759 [INFO] LogOutputStream:76 - [STDOUT_REDIRECT] 		 0 0
2020-12-06 22:40:12,760 [INFO] LogOutputStream:76 - [STDOUT_REDIRECT] 	Abrev Entry: 12 21 0
2020-12-06 22:40:12,761 [INFO] LogOutputStream:76 - [STDOUT_REDIRECT] 		 49 13
2020-12-06 22:40:12,761 [INFO] LogOutputStream:76 - [STDOUT_REDIRECT] 		 2f b
2020-12-06 22:40:12,761 [INFO] LogOutputStream:76 - [STDOUT_REDIRECT] 		 0 0
2020-12-06 22:40:12,761 [INFO] LogOutputStream:76 - [STDOUT_REDIRECT] 	Abrev Entry: 13 15 1
2020-12-06 22:40:12,761 [INFO] LogOutputStream:76 - [STDOUT_REDIRECT] 		 27 19
2020-12-06 22:40:12,761 [INFO] LogOutputStream:76 - [STDOUT_REDIRECT] 		 49 13
2020-12-06 22:40:12,761 [INFO] LogOutputStream:76 - [STDOUT_REDIRECT] 		 1 13
2020-12-06 22:40:12,761 [INFO] LogOutputStream:76 - [STDOUT_REDIRECT] 		 0 0
2020-12-06 22:40:12,761 [INFO] LogOutputStream:76 - [STDOUT_REDIRECT] 	Abrev Entry: 14 5 0
2020-12-06 22:40:12,761 [INFO] LogOutputStream:76 - [STDOUT_REDIRECT] 		 49 13
2020-12-06 22:40:12,761 [INFO] LogOutputStream:76 - [STDOUT_REDIRECT] 		 0 0
2020-12-06 22:40:12,761 [INFO] LogOutputStream:76 - [STDOUT_REDIRECT] 	Abrev Entry: 15 26 0
2020-12-06 22:40:12,761 [INFO] LogOutputStream:76 - [STDOUT_REDIRECT] 		 0 0
2020-12-06 22:40:12,761 [INFO] LogOutputStream:76 - [STDOUT_REDIRECT] 	Abrev Entry: 16 4 1
2020-12-06 22:40:12,761 [INFO] LogOutputStream:76 - [STDOUT_REDIRECT] 		 3 8
2020-12-06 22:40:12,761 [INFO] LogOutputStream:76 - [STDOUT_REDIRECT] 		 3e b
2020-12-06 22:40:12,761 [INFO] LogOutputStream:76 - [STDOUT_REDIRECT] 		 b b
2020-12-06 22:40:12,771 [INFO] LogOutputStream:76 - [STDOUT_REDIRECT] 		 49 13
2020-12-06 22:40:12,771 [INFO] LogOutputStream:76 - [STDOUT_REDIRECT] 		 3a b
2020-12-06 22:40:12,772 [INFO] LogOutputStream:76 - [STDOUT_REDIRECT] 		 3b b
2020-12-06 22:40:12,772 [INFO] LogOutputStream:76 - [STDOUT_REDIRECT] 		 39 b
2020-12-06 22:40:12,773 [INFO] LogOutputStream:76 - [STDOUT_REDIRECT] 		 1 13
2020-12-06 22:40:12,773 [INFO] LogOutputStream:76 - [STDOUT_REDIRECT] 		 0 0
2020-12-06 22:40:12,774 [INFO] LogOutputStream:76 - [STDOUT_REDIRECT] 	Abrev Entry: 17 28 0
2020-12-06 22:40:12,774 [INFO] LogOutputStream:76 - [STDOUT_REDIRECT] 		 3 8
2020-12-06 22:40:12,775 [INFO] LogOutputStream:76 - [STDOUT_REDIRECT] 		 1c b
2020-12-06 22:40:12,775 [INFO] LogOutputStream:76 - [STDOUT_REDIRECT] 		 0 0
2020-12-06 22:40:12,775 [INFO] LogOutputStream:76 - [STDOUT_REDIRECT] 	Abrev Entry: 18 13 1
2020-12-06 22:40:12,776 [INFO] LogOutputStream:76 - [STDOUT_REDIRECT] 		 3 8
2020-12-06 22:40:12,776 [INFO] LogOutputStream:76 - [STDOUT_REDIRECT] 		 b 5
2020-12-06 22:40:12,777 [INFO] LogOutputStream:76 - [STDOUT_REDIRECT] 		 3a b
2020-12-06 22:40:12,777 [INFO] LogOutputStream:76 - [STDOUT_REDIRECT] 		 3b b
2020-12-06 22:40:12,778 [INFO] LogOutputStream:76 - [STDOUT_REDIRECT] 		 39 b
2020-12-06 22:40:12,778 [INFO] LogOutputStream:76 - [STDOUT_REDIRECT] 		 1 13
2020-12-06 22:40:12,779 [INFO] LogOutputStream:76 - [STDOUT_REDIRECT] 		 0 0
2020-12-06 22:40:12,779 [INFO] LogOutputStream:76 - [STDOUT_REDIRECT] 	Abrev Entry: 19 d 0
2020-12-06 22:40:12,779 [INFO] LogOutputStream:76 - [STDOUT_REDIRECT] 		 3 8
2020-12-06 22:40:12,779 [INFO] LogOutputStream:76 - [STDOUT_REDIRECT] 		 3a b
2020-12-06 22:40:12,779 [INFO] LogOutputStream:76 - [STDOUT_REDIRECT] 		 3b 5
2020-12-06 22:40:12,782 [INFO] LogOutputStream:76 - [STDOUT_REDIRECT] 		 39 b
2020-12-06 22:40:12,782 [INFO] LogOutputStream:76 - [STDOUT_REDIRECT] 		 49 13
2020-12-06 22:40:12,783 [INFO] LogOutputStream:76 - [STDOUT_REDIRECT] 		 38 b
2020-12-06 22:40:12,783 [INFO] LogOutputStream:76 - [STDOUT_REDIRECT] 		 0 0
2020-12-06 22:40:12,783 [INFO] LogOutputStream:76 - [STDOUT_REDIRECT] 	Abrev Entry: 20 d 0
2020-12-06 22:40:12,783 [INFO] LogOutputStream:76 - [STDOUT_REDIRECT] 		 3 8
2020-12-06 22:40:12,783 [INFO] LogOutputStream:76 - [STDOUT_REDIRECT] 		 3a b
2020-12-06 22:40:12,783 [INFO] LogOutputStream:76 - [STDOUT_REDIRECT] 		 3b 5
2020-12-06 22:40:12,783 [INFO] LogOutputStream:76 - [STDOUT_REDIRECT] 		 39 b
2020-12-06 22:40:12,783 [INFO] LogOutputStream:76 - [STDOUT_REDIRECT] 		 49 13
2020-12-06 22:40:12,786 [INFO] LogOutputStream:76 - [STDOUT_REDIRECT] 		 38 5
2020-12-06 22:40:12,786 [INFO] LogOutputStream:76 - [STDOUT_REDIRECT] 		 0 0
2020-12-06 22:40:12,787 [INFO] LogOutputStream:76 - [STDOUT_REDIRECT] 	Abrev Entry: 21 4 1
2020-12-06 22:40:12,787 [INFO] LogOutputStream:76 - [STDOUT_REDIRECT] 		 3 8
2020-12-06 22:40:12,787 [INFO] LogOutputStream:76 - [STDOUT_REDIRECT] 		 3e b
2020-12-06 22:40:12,789 [INFO] LogOutputStream:76 - [STDOUT_REDIRECT] 		 b b
2020-12-06 22:40:12,789 [INFO] LogOutputStream:76 - [STDOUT_REDIRECT] 		 49 13
2020-12-06 22:40:12,790 [INFO] LogOutputStream:76 - [STDOUT_REDIRECT] 		 3a b
2020-12-06 22:40:12,790 [INFO] LogOutputStream:76 - [STDOUT_REDIRECT] 		 3b 5
2020-12-06 22:40:12,790 [INFO] LogOutputStream:76 - [STDOUT_REDIRECT] 		 39 b
2020-12-06 22:40:12,791 [INFO] LogOutputStream:76 - [STDOUT_REDIRECT] 		 1 13
2020-12-06 22:40:12,791 [INFO] LogOutputStream:76 - [STDOUT_REDIRECT] 		 0 0
2020-12-06 22:40:12,792 [INFO] LogOutputStream:76 - [STDOUT_REDIRECT] 	Abrev Entry: 22 17 0
2020-12-06 22:40:12,793 [INFO] LogOutputStream:76 - [STDOUT_REDIRECT] 		 3 8
2020-12-06 22:40:12,793 [INFO] LogOutputStream:76 - [STDOUT_REDIRECT] 		 3c 19
2020-12-06 22:40:12,794 [INFO] LogOutputStream:76 - [STDOUT_REDIRECT] 		 0 0
2020-12-06 22:40:12,794 [INFO] LogOutputStream:76 - [STDOUT_REDIRECT] 	Abrev Entry: 23 15 0
2020-12-06 22:40:12,795 [INFO] LogOutputStream:76 - [STDOUT_REDIRECT] 		 27 19
2020-12-06 22:40:12,795 [INFO] LogOutputStream:76 - [STDOUT_REDIRECT] 		 0 0
2020-12-06 22:40:12,796 [INFO] LogOutputStream:76 - [STDOUT_REDIRECT] 	Abrev Entry: 24 34 0
2020-12-06 22:40:12,797 [INFO] LogOutputStream:76 - [STDOUT_REDIRECT] 		 47 13
2020-12-06 22:40:12,797 [INFO] LogOutputStream:76 - [STDOUT_REDIRECT] 		 3a b
2020-12-06 22:40:12,798 [INFO] LogOutputStream:76 - [STDOUT_REDIRECT] 		 3b 5
2020-12-06 22:40:12,798 [INFO] LogOutputStream:76 - [STDOUT_REDIRECT] 		 39 b
2020-12-06 22:40:12,799 [INFO] LogOutputStream:76 - [STDOUT_REDIRECT] 		 2 18
2020-12-06 22:40:12,799 [INFO] LogOutputStream:76 - [STDOUT_REDIRECT] 		 0 0
2020-12-06 22:41:32,057 [INFO] LogOutputStream:76 - [STDOUT_REDIRECT] Compilation Unit @ b
2020-12-06 22:41:32,058 [INFO] LogOutputStream:76 - [STDOUT_REDIRECT] Length: 560
2020-12-06 22:41:32,058 [INFO] LogOutputStream:76 - [STDOUT_REDIRECT] Version: 4
2020-12-06 22:41:32,059 [INFO] LogOutputStream:76 - [STDOUT_REDIRECT] Abbreviation: 0
2020-12-06 22:41:32,060 [INFO] LogOutputStream:76 - [STDOUT_REDIRECT] Address size: 4
2020-12-06 22:41:32,061 [INFO] LogOutputStream:76 - [STDOUT_REDIRECT] Offset size: 4
2020-12-06 22:41:32,063 [INFO] LogOutputStream:76 - [STDOUT_REDIRECT] 	Abrev Entry: 1 11 1
2020-12-06 22:41:32,063 [INFO] LogOutputStream:76 - [STDOUT_REDIRECT] 		 25 8
2020-12-06 22:41:32,064 [INFO] LogOutputStream:76 - [STDOUT_REDIRECT] 		 13 b
2020-12-06 22:41:32,065 [INFO] LogOutputStream:76 - [STDOUT_REDIRECT] 		 3 8
2020-12-06 22:41:32,066 [INFO] LogOutputStream:76 - [STDOUT_REDIRECT] 		 1b 8
2020-12-06 22:41:32,066 [INFO] LogOutputStream:76 - [STDOUT_REDIRECT] 		 11 1
2020-12-06 22:41:32,067 [INFO] LogOutputStream:76 - [STDOUT_REDIRECT] 		 12 6
2020-12-06 22:41:32,067 [INFO] LogOutputStream:76 - [STDOUT_REDIRECT] 		 10 17
2020-12-06 22:41:32,067 [INFO] LogOutputStream:76 - [STDOUT_REDIRECT] 		 2119 17
2020-12-06 22:41:32,067 [INFO] LogOutputStream:76 - [STDOUT_REDIRECT] 		 0 0
2020-12-06 22:41:32,067 [INFO] LogOutputStream:76 - [STDOUT_REDIRECT] 	Abrev Entry: 2 24 0
2020-12-06 22:41:32,067 [INFO] LogOutputStream:76 - [STDOUT_REDIRECT] 		 b b
2020-12-06 22:41:32,067 [INFO] LogOutputStream:76 - [STDOUT_REDIRECT] 		 3e b
2020-12-06 22:41:32,067 [INFO] LogOutputStream:76 - [STDOUT_REDIRECT] 		 3 8
2020-12-06 22:41:32,072 [INFO] LogOutputStream:76 - [STDOUT_REDIRECT] 		 0 0
2020-12-06 22:41:32,073 [INFO] LogOutputStream:76 - [STDOUT_REDIRECT] 	Abrev Entry: 3 13 1
2020-12-06 22:41:32,074 [INFO] LogOutputStream:76 - [STDOUT_REDIRECT] 		 3 8
2020-12-06 22:41:32,074 [INFO] LogOutputStream:76 - [STDOUT_REDIRECT] 		 b b
2020-12-06 22:41:32,075 [INFO] LogOutputStream:76 - [STDOUT_REDIRECT] 		 3a b
2020-12-06 22:41:32,076 [INFO] LogOutputStream:76 - [STDOUT_REDIRECT] 		 3b b
2020-12-06 22:41:32,076 [INFO] LogOutputStream:76 - [STDOUT_REDIRECT] 		 39 b
2020-12-06 22:41:32,077 [INFO] LogOutputStream:76 - [STDOUT_REDIRECT] 		 1 13
2020-12-06 22:41:32,077 [INFO] LogOutputStream:76 - [STDOUT_REDIRECT] 		 0 0
2020-12-06 22:41:32,079 [INFO] LogOutputStream:76 - [STDOUT_REDIRECT] 	Abrev Entry: 4 d 0
2020-12-06 22:41:32,080 [INFO] LogOutputStream:76 - [STDOUT_REDIRECT] 		 3 8
2020-12-06 22:41:32,081 [INFO] LogOutputStream:76 - [STDOUT_REDIRECT] 		 3a b
2020-12-06 22:41:32,082 [INFO] LogOutputStream:76 - [STDOUT_REDIRECT] 		 3b b
2020-12-06 22:41:32,083 [INFO] LogOutputStream:76 - [STDOUT_REDIRECT] 		 39 b
2020-12-06 22:41:32,084 [INFO] LogOutputStream:76 - [STDOUT_REDIRECT] 		 49 13
2020-12-06 22:41:32,084 [INFO] LogOutputStream:76 - [STDOUT_REDIRECT] 		 38 b
2020-12-06 22:41:32,085 [INFO] LogOutputStream:76 - [STDOUT_REDIRECT] 		 0 0
2020-12-06 22:41:32,086 [INFO] LogOutputStream:76 - [STDOUT_REDIRECT] 	Abrev Entry: 5 f 0
2020-12-06 22:41:32,086 [INFO] LogOutputStream:76 - [STDOUT_REDIRECT] 		 b b
2020-12-06 22:41:32,087 [INFO] LogOutputStream:76 - [STDOUT_REDIRECT] 		 49 13
2020-12-06 22:41:32,087 [INFO] LogOutputStream:76 - [STDOUT_REDIRECT] 		 0 0
2020-12-06 22:41:32,088 [INFO] LogOutputStream:76 - [STDOUT_REDIRECT] 	Abrev Entry: 6 16 0
2020-12-06 22:41:32,088 [INFO] LogOutputStream:76 - [STDOUT_REDIRECT] 		 3 8
2020-12-06 22:41:32,089 [INFO] LogOutputStream:76 - [STDOUT_REDIRECT] 		 3a b
2020-12-06 22:41:32,090 [INFO] LogOutputStream:76 - [STDOUT_REDIRECT] 		 3b b
2020-12-06 22:41:32,091 [INFO] LogOutputStream:76 - [STDOUT_REDIRECT] 		 39 b
2020-12-06 22:41:32,091 [INFO] LogOutputStream:76 - [STDOUT_REDIRECT] 		 49 13
2020-12-06 22:41:32,092 [INFO] LogOutputStream:76 - [STDOUT_REDIRECT] 		 0 0
2020-12-06 22:41:32,093 [INFO] LogOutputStream:76 - [STDOUT_REDIRECT] 	Abrev Entry: 7 1 1
2020-12-06 22:41:32,093 [INFO] LogOutputStream:76 - [STDOUT_REDIRECT] 		 49 13
2020-12-06 22:41:32,094 [INFO] LogOutputStream:76 - [STDOUT_REDIRECT] 		 1 13
2020-12-06 22:41:32,095 [INFO] LogOutputStream:76 - [STDOUT_REDIRECT] 		 0 0
2020-12-06 22:41:32,096 [INFO] LogOutputStream:76 - [STDOUT_REDIRECT] 	Abrev Entry: 8 21 0
2020-12-06 22:41:32,097 [INFO] LogOutputStream:76 - [STDOUT_REDIRECT] 		 0 0
2020-12-06 22:41:32,098 [INFO] LogOutputStream:76 - [STDOUT_REDIRECT] 	Abrev Entry: 9 34 0
2020-12-06 22:41:32,099 [INFO] LogOutputStream:76 - [STDOUT_REDIRECT] 		 3 8
2020-12-06 22:41:32,100 [INFO] LogOutputStream:76 - [STDOUT_REDIRECT] 		 3a b
2020-12-06 22:41:32,101 [INFO] LogOutputStream:76 - [STDOUT_REDIRECT] 		 3b b
2020-12-06 22:41:32,102 [INFO] LogOutputStream:76 - [STDOUT_REDIRECT] 		 39 b
2020-12-06 22:41:32,104 [INFO] LogOutputStream:76 - [STDOUT_REDIRECT] 		 49 13
2020-12-06 22:41:32,105 [INFO] LogOutputStream:76 - [STDOUT_REDIRECT] 		 3f 19
2020-12-06 22:41:32,105 [INFO] LogOutputStream:76 - [STDOUT_REDIRECT] 		 3c 19
2020-12-06 22:41:32,106 [INFO] LogOutputStream:76 - [STDOUT_REDIRECT] 		 0 0
2020-12-06 22:41:32,107 [INFO] LogOutputStream:76 - [STDOUT_REDIRECT] 	Abrev Entry: 10 34 0
2020-12-06 22:41:32,108 [INFO] LogOutputStream:76 - [STDOUT_REDIRECT] 		 3 8
2020-12-06 22:41:32,108 [INFO] LogOutputStream:76 - [STDOUT_REDIRECT] 		 3a b
2020-12-06 22:41:32,110 [INFO] LogOutputStream:76 - [STDOUT_REDIRECT] 		 3b b
2020-12-06 22:41:32,111 [INFO] LogOutputStream:76 - [STDOUT_REDIRECT] 		 39 b
2020-12-06 22:41:32,112 [INFO] LogOutputStream:76 - [STDOUT_REDIRECT] 		 49 13
2020-12-06 22:41:32,112 [INFO] LogOutputStream:76 - [STDOUT_REDIRECT] 		 3f 19
2020-12-06 22:41:32,113 [INFO] LogOutputStream:76 - [STDOUT_REDIRECT] 		 2 18
2020-12-06 22:41:32,114 [INFO] LogOutputStream:76 - [STDOUT_REDIRECT] 		 0 0
2020-12-06 22:41:32,117 [INFO] LogOutputStream:76 - [STDOUT_REDIRECT] 	Abrev Entry: 11 2e 0
2020-12-06 22:41:32,118 [INFO] LogOutputStream:76 - [STDOUT_REDIRECT] 		 3f 19
2020-12-06 22:41:32,118 [INFO] LogOutputStream:76 - [STDOUT_REDIRECT] 		 3 8
2020-12-06 22:41:32,119 [INFO] LogOutputStream:76 - [STDOUT_REDIRECT] 		 3a b
2020-12-06 22:41:32,120 [INFO] LogOutputStream:76 - [STDOUT_REDIRECT] 		 3b b
2020-12-06 22:41:32,121 [INFO] LogOutputStream:76 - [STDOUT_REDIRECT] 		 39 b
2020-12-06 22:41:32,122 [INFO] LogOutputStream:76 - [STDOUT_REDIRECT] 		 27 19
2020-12-06 22:41:32,123 [INFO] LogOutputStream:76 - [STDOUT_REDIRECT] 		 49 13
2020-12-06 22:41:32,124 [INFO] LogOutputStream:76 - [STDOUT_REDIRECT] 		 11 1
2020-12-06 22:41:32,124 [INFO] LogOutputStream:76 - [STDOUT_REDIRECT] 		 12 6
2020-12-06 22:41:32,125 [INFO] LogOutputStream:76 - [STDOUT_REDIRECT] 		 40 18
2020-12-06 22:41:32,126 [INFO] LogOutputStream:76 - [STDOUT_REDIRECT] 		 2116 19
2020-12-06 22:41:32,127 [INFO] LogOutputStream:76 - [STDOUT_REDIRECT] 		 0 0
2020-12-06 22:41:32,128 [INFO] LogOutputStream:76 - [STDOUT_REDIRECT] Compilation Unit @ 23f
2020-12-06 22:41:32,130 [INFO] LogOutputStream:76 - [STDOUT_REDIRECT] Length: 34
2020-12-06 22:41:32,131 [INFO] LogOutputStream:76 - [STDOUT_REDIRECT] Version: 2
2020-12-06 22:41:32,132 [INFO] LogOutputStream:76 - [STDOUT_REDIRECT] Abbreviation: 172
2020-12-06 22:41:32,133 [INFO] LogOutputStream:76 - [STDOUT_REDIRECT] Address size: 4
2020-12-06 22:41:32,134 [INFO] LogOutputStream:76 - [STDOUT_REDIRECT] Offset size: 4
2020-12-06 22:41:32,137 [INFO] LogOutputStream:76 - [STDOUT_REDIRECT] 	Abrev Entry: 1 11 0
2020-12-06 22:41:32,137 [INFO] LogOutputStream:76 - [STDOUT_REDIRECT] 		 10 6
2020-12-06 22:41:32,138 [INFO] LogOutputStream:76 - [STDOUT_REDIRECT] 		 11 1
2020-12-06 22:41:32,138 [INFO] LogOutputStream:76 - [STDOUT_REDIRECT] 		 12 1
2020-12-06 22:41:32,139 [INFO] LogOutputStream:76 - [STDOUT_REDIRECT] 		 3 e
2020-12-06 22:41:32,139 [INFO] LogOutputStream:76 - [STDOUT_REDIRECT] 		 1b e
2020-12-06 22:41:32,139 [INFO] LogOutputStream:76 - [STDOUT_REDIRECT] 		 25 e
2020-12-06 22:41:32,140 [INFO] LogOutputStream:76 - [STDOUT_REDIRECT] 		 13 5
2020-12-06 22:41:32,140 [INFO] LogOutputStream:76 - [STDOUT_REDIRECT] 		 0 0
2020-12-06 22:41:32,142 [INFO] LogOutputStream:76 - [STDOUT_REDIRECT] Compilation Unit @ 265
2020-12-06 22:41:32,142 [INFO] LogOutputStream:76 - [STDOUT_REDIRECT] Length: 7842
2020-12-06 22:41:32,143 [INFO] LogOutputStream:76 - [STDOUT_REDIRECT] Version: 4
2020-12-06 22:41:32,143 [INFO] LogOutputStream:76 - [STDOUT_REDIRECT] Abbreviation: 192
2020-12-06 22:41:32,143 [INFO] LogOutputStream:76 - [STDOUT_REDIRECT] Address size: 4
2020-12-06 22:41:32,143 [INFO] LogOutputStream:76 - [STDOUT_REDIRECT] Offset size: 4
2020-12-06 22:41:32,143 [INFO] LogOutputStream:76 - [STDOUT_REDIRECT] 	Abrev Entry: 1 11 1
2020-12-06 22:41:32,143 [INFO] LogOutputStream:76 - [STDOUT_REDIRECT] 		 25 8
2020-12-06 22:41:32,143 [INFO] LogOutputStream:76 - [STDOUT_REDIRECT] 		 13 b
2020-12-06 22:41:32,143 [INFO] LogOutputStream:76 - [STDOUT_REDIRECT] 		 3 8
2020-12-06 22:41:32,143 [INFO] LogOutputStream:76 - [STDOUT_REDIRECT] 		 1b 8
2020-12-06 22:41:32,143 [INFO] LogOutputStream:76 - [STDOUT_REDIRECT] 		 10 17
2020-12-06 22:41:32,148 [INFO] LogOutputStream:76 - [STDOUT_REDIRECT] 		 0 0
2020-12-06 22:41:32,148 [INFO] LogOutputStream:76 - [STDOUT_REDIRECT] 	Abrev Entry: 2 24 0
2020-12-06 22:41:32,149 [INFO] LogOutputStream:76 - [STDOUT_REDIRECT] 		 b b
2020-12-06 22:41:32,149 [INFO] LogOutputStream:76 - [STDOUT_REDIRECT] 		 3e b
2020-12-06 22:41:32,150 [INFO] LogOutputStream:76 - [STDOUT_REDIRECT] 		 3 8
2020-12-06 22:41:32,151 [INFO] LogOutputStream:76 - [STDOUT_REDIRECT] 		 0 0
2020-12-06 22:41:32,152 [INFO] LogOutputStream:76 - [STDOUT_REDIRECT] 	Abrev Entry: 3 26 0
2020-12-06 22:41:32,152 [INFO] LogOutputStream:76 - [STDOUT_REDIRECT] 		 49 13
2020-12-06 22:41:32,152 [INFO] LogOutputStream:76 - [STDOUT_REDIRECT] 		 0 0
2020-12-06 22:41:32,153 [INFO] LogOutputStream:76 - [STDOUT_REDIRECT] 	Abrev Entry: 4 13 1
2020-12-06 22:41:32,154 [INFO] LogOutputStream:76 - [STDOUT_REDIRECT] 		 3 8
2020-12-06 22:41:32,154 [INFO] LogOutputStream:76 - [STDOUT_REDIRECT] 		 b b
2020-12-06 22:41:32,154 [INFO] LogOutputStream:76 - [STDOUT_REDIRECT] 		 3a b
2020-12-06 22:41:32,155 [INFO] LogOutputStream:76 - [STDOUT_REDIRECT] 		 3b b
2020-12-06 22:41:32,156 [INFO] LogOutputStream:76 - [STDOUT_REDIRECT] 		 39 b
2020-12-06 22:41:32,156 [INFO] LogOutputStream:76 - [STDOUT_REDIRECT] 		 1 13
2020-12-06 22:41:32,156 [INFO] LogOutputStream:76 - [STDOUT_REDIRECT] 		 0 0
2020-12-06 22:41:32,157 [INFO] LogOutputStream:76 - [STDOUT_REDIRECT] 	Abrev Entry: 5 d 0
2020-12-06 22:41:32,158 [INFO] LogOutputStream:76 - [STDOUT_REDIRECT] 		 3 8
2020-12-06 22:41:32,158 [INFO] LogOutputStream:76 - [STDOUT_REDIRECT] 		 3a b
2020-12-06 22:41:32,158 [INFO] LogOutputStream:76 - [STDOUT_REDIRECT] 		 3b b
2020-12-06 22:41:32,159 [INFO] LogOutputStream:76 - [STDOUT_REDIRECT] 		 39 b
2020-12-06 22:41:32,159 [INFO] LogOutputStream:76 - [STDOUT_REDIRECT] 		 49 13
2020-12-06 22:41:32,160 [INFO] LogOutputStream:76 - [STDOUT_REDIRECT] 		 38 b
2020-12-06 22:41:32,160 [INFO] LogOutputStream:76 - [STDOUT_REDIRECT] 		 0 0
2020-12-06 22:41:32,161 [INFO] LogOutputStream:76 - [STDOUT_REDIRECT] 	Abrev Entry: 6 f 0
2020-12-06 22:41:32,162 [INFO] LogOutputStream:76 - [STDOUT_REDIRECT] 		 b b
2020-12-06 22:41:32,162 [INFO] LogOutputStream:76 - [STDOUT_REDIRECT] 		 49 13
2020-12-06 22:41:32,163 [INFO] LogOutputStream:76 - [STDOUT_REDIRECT] 		 0 0
2020-12-06 22:41:32,164 [INFO] LogOutputStream:76 - [STDOUT_REDIRECT] 	Abrev Entry: 7 16 0
2020-12-06 22:41:32,164 [INFO] LogOutputStream:76 - [STDOUT_REDIRECT] 		 3 8
2020-12-06 22:41:32,164 [INFO] LogOutputStream:76 - [STDOUT_REDIRECT] 		 3a b
2020-12-06 22:41:32,165 [INFO] LogOutputStream:76 - [STDOUT_REDIRECT] 		 3b b
2020-12-06 22:41:32,166 [INFO] LogOutputStream:76 - [STDOUT_REDIRECT] 		 39 b
2020-12-06 22:41:32,167 [INFO] LogOutputStream:76 - [STDOUT_REDIRECT] 		 49 13
2020-12-06 22:41:32,168 [INFO] LogOutputStream:76 - [STDOUT_REDIRECT] 		 0 0
2020-12-06 22:41:32,168 [INFO] LogOutputStream:76 - [STDOUT_REDIRECT] 	Abrev Entry: 8 1 1
2020-12-06 22:41:32,169 [INFO] LogOutputStream:76 - [STDOUT_REDIRECT] 		 49 13
2020-12-06 22:41:32,170 [INFO] LogOutputStream:76 - [STDOUT_REDIRECT] 		 1 13
2020-12-06 22:41:32,170 [INFO] LogOutputStream:76 - [STDOUT_REDIRECT] 		 0 0
2020-12-06 22:41:32,171 [INFO] LogOutputStream:76 - [STDOUT_REDIRECT] 	Abrev Entry: 9 21 0
2020-12-06 22:41:32,172 [INFO] LogOutputStream:76 - [STDOUT_REDIRECT] 		 0 0
2020-12-06 22:41:32,173 [INFO] LogOutputStream:76 - [STDOUT_REDIRECT] 	Abrev Entry: 10 34 0
2020-12-06 22:41:32,173 [INFO] LogOutputStream:76 - [STDOUT_REDIRECT] 		 3 8
2020-12-06 22:41:32,173 [INFO] LogOutputStream:76 - [STDOUT_REDIRECT] 		 3a b
2020-12-06 22:41:32,174 [INFO] LogOutputStream:76 - [STDOUT_REDIRECT] 		 3b b
2020-12-06 22:41:32,175 [INFO] LogOutputStream:76 - [STDOUT_REDIRECT] 		 39 b
2020-12-06 22:41:32,175 [INFO] LogOutputStream:76 - [STDOUT_REDIRECT] 		 49 13
2020-12-06 22:41:32,176 [INFO] LogOutputStream:76 - [STDOUT_REDIRECT] 		 3f 19
2020-12-06 22:41:32,176 [INFO] LogOutputStream:76 - [STDOUT_REDIRECT] 		 3c 19
2020-12-06 22:41:32,176 [INFO] LogOutputStream:76 - [STDOUT_REDIRECT] 		 0 0
2020-12-06 22:41:32,177 [INFO] LogOutputStream:76 - [STDOUT_REDIRECT] 	Abrev Entry: 11 34 0
2020-12-06 22:41:32,177 [INFO] LogOutputStream:76 - [STDOUT_REDIRECT] 		 3 8
2020-12-06 22:41:32,178 [INFO] LogOutputStream:76 - [STDOUT_REDIRECT] 		 3a b
2020-12-06 22:41:32,178 [INFO] LogOutputStream:76 - [STDOUT_REDIRECT] 		 3b 5
2020-12-06 22:41:32,179 [INFO] LogOutputStream:76 - [STDOUT_REDIRECT] 		 39 b
2020-12-06 22:41:32,180 [INFO] LogOutputStream:76 - [STDOUT_REDIRECT] 		 49 13
2020-12-06 22:41:32,181 [INFO] LogOutputStream:76 - [STDOUT_REDIRECT] 		 3f 19
2020-12-06 22:41:32,182 [INFO] LogOutputStream:76 - [STDOUT_REDIRECT] 		 3c 19
2020-12-06 22:41:32,183 [INFO] LogOutputStream:76 - [STDOUT_REDIRECT] 		 0 0
2020-12-06 22:41:32,184 [INFO] LogOutputStream:76 - [STDOUT_REDIRECT] 	Abrev Entry: 12 21 0
2020-12-06 22:41:32,185 [INFO] LogOutputStream:76 - [STDOUT_REDIRECT] 		 49 13
2020-12-06 22:41:32,186 [INFO] LogOutputStream:76 - [STDOUT_REDIRECT] 		 2f b
2020-12-06 22:41:32,187 [INFO] LogOutputStream:76 - [STDOUT_REDIRECT] 		 0 0
2020-12-06 22:41:32,188 [INFO] LogOutputStream:76 - [STDOUT_REDIRECT] 	Abrev Entry: 13 15 1
2020-12-06 22:41:32,188 [INFO] LogOutputStream:76 - [STDOUT_REDIRECT] 		 27 19
2020-12-06 22:41:32,188 [INFO] LogOutputStream:76 - [STDOUT_REDIRECT] 		 49 13
2020-12-06 22:41:32,190 [INFO] LogOutputStream:76 - [STDOUT_REDIRECT] 		 1 13
2020-12-06 22:41:32,190 [INFO] LogOutputStream:76 - [STDOUT_REDIRECT] 		 0 0
2020-12-06 22:41:32,191 [INFO] LogOutputStream:76 - [STDOUT_REDIRECT] 	Abrev Entry: 14 5 0
2020-12-06 22:41:32,191 [INFO] LogOutputStream:76 - [STDOUT_REDIRECT] 		 49 13
2020-12-06 22:41:32,191 [INFO] LogOutputStream:76 - [STDOUT_REDIRECT] 		 0 0
2020-12-06 22:41:32,193 [INFO] LogOutputStream:76 - [STDOUT_REDIRECT] 	Abrev Entry: 15 26 0
2020-12-06 22:41:32,193 [INFO] LogOutputStream:76 - [STDOUT_REDIRECT] 		 0 0
2020-12-06 22:41:32,194 [INFO] LogOutputStream:76 - [STDOUT_REDIRECT] 	Abrev Entry: 16 4 1
2020-12-06 22:41:32,194 [INFO] LogOutputStream:76 - [STDOUT_REDIRECT] 		 3 8
2020-12-06 22:41:32,194 [INFO] LogOutputStream:76 - [STDOUT_REDIRECT] 		 3e b
2020-12-06 22:41:32,194 [INFO] LogOutputStream:76 - [STDOUT_REDIRECT] 		 b b
2020-12-06 22:41:32,194 [INFO] LogOutputStream:76 - [STDOUT_REDIRECT] 		 49 13
2020-12-06 22:41:32,196 [INFO] LogOutputStream:76 - [STDOUT_REDIRECT] 		 3a b
2020-12-06 22:41:32,197 [INFO] LogOutputStream:76 - [STDOUT_REDIRECT] 		 3b b
2020-12-06 22:41:32,197 [INFO] LogOutputStream:76 - [STDOUT_REDIRECT] 		 39 b
2020-12-06 22:41:32,199 [INFO] LogOutputStream:76 - [STDOUT_REDIRECT] 		 1 13
2020-12-06 22:41:32,199 [INFO] LogOutputStream:76 - [STDOUT_REDIRECT] 		 0 0
2020-12-06 22:41:32,200 [INFO] LogOutputStream:76 - [STDOUT_REDIRECT] 	Abrev Entry: 17 28 0
2020-12-06 22:41:32,200 [INFO] LogOutputStream:76 - [STDOUT_REDIRECT] 		 3 8
2020-12-06 22:41:32,200 [INFO] LogOutputStream:76 - [STDOUT_REDIRECT] 		 1c b
2020-12-06 22:41:32,200 [INFO] LogOutputStream:76 - [STDOUT_REDIRECT] 		 0 0
2020-12-06 22:41:32,200 [INFO] LogOutputStream:76 - [STDOUT_REDIRECT] 	Abrev Entry: 18 13 1
2020-12-06 22:41:32,200 [INFO] LogOutputStream:76 - [STDOUT_REDIRECT] 		 3 8
2020-12-06 22:41:32,200 [INFO] LogOutputStream:76 - [STDOUT_REDIRECT] 		 b 5
2020-12-06 22:41:32,200 [INFO] LogOutputStream:76 - [STDOUT_REDIRECT] 		 3a b
2020-12-06 22:41:32,200 [INFO] LogOutputStream:76 - [STDOUT_REDIRECT] 		 3b b
2020-12-06 22:41:32,200 [INFO] LogOutputStream:76 - [STDOUT_REDIRECT] 		 39 b
2020-12-06 22:41:32,200 [INFO] LogOutputStream:76 - [STDOUT_REDIRECT] 		 1 13
2020-12-06 22:41:32,200 [INFO] LogOutputStream:76 - [STDOUT_REDIRECT] 		 0 0
2020-12-06 22:41:32,200 [INFO] LogOutputStream:76 - [STDOUT_REDIRECT] 	Abrev Entry: 19 d 0
2020-12-06 22:41:32,200 [INFO] LogOutputStream:76 - [STDOUT_REDIRECT] 		 3 8
2020-12-06 22:41:32,200 [INFO] LogOutputStream:76 - [STDOUT_REDIRECT] 		 3a b
2020-12-06 22:41:32,200 [INFO] LogOutputStream:76 - [STDOUT_REDIRECT] 		 3b 5
2020-12-06 22:41:32,200 [INFO] LogOutputStream:76 - [STDOUT_REDIRECT] 		 39 b
2020-12-06 22:41:32,200 [INFO] LogOutputStream:76 - [STDOUT_REDIRECT] 		 49 13
2020-12-06 22:41:32,200 [INFO] LogOutputStream:76 - [STDOUT_REDIRECT] 		 38 b
2020-12-06 22:41:32,200 [INFO] LogOutputStream:76 - [STDOUT_REDIRECT] 		 0 0
2020-12-06 22:41:32,200 [INFO] LogOutputStream:76 - [STDOUT_REDIRECT] 	Abrev Entry: 20 d 0
2020-12-06 22:41:32,200 [INFO] LogOutputStream:76 - [STDOUT_REDIRECT] 		 3 8
2020-12-06 22:41:32,200 [INFO] LogOutputStream:76 - [STDOUT_REDIRECT] 		 3a b
2020-12-06 22:41:32,200 [INFO] LogOutputStream:76 - [STDOUT_REDIRECT] 		 3b 5
2020-12-06 22:41:32,200 [INFO] LogOutputStream:76 - [STDOUT_REDIRECT] 		 39 b
2020-12-06 22:41:32,200 [INFO] LogOutputStream:76 - [STDOUT_REDIRECT] 		 49 13
2020-12-06 22:41:32,200 [INFO] LogOutputStream:76 - [STDOUT_REDIRECT] 		 38 5
2020-12-06 22:41:32,200 [INFO] LogOutputStream:76 - [STDOUT_REDIRECT] 		 0 0
2020-12-06 22:41:32,200 [INFO] LogOutputStream:76 - [STDOUT_REDIRECT] 	Abrev Entry: 21 4 1
2020-12-06 22:41:32,200 [INFO] LogOutputStream:76 - [STDOUT_REDIRECT] 		 3 8
2020-12-06 22:41:32,200 [INFO] LogOutputStream:76 - [STDOUT_REDIRECT] 		 3e b
2020-12-06 22:41:32,200 [INFO] LogOutputStream:76 - [STDOUT_REDIRECT] 		 b b
2020-12-06 22:41:32,215 [INFO] LogOutputStream:76 - [STDOUT_REDIRECT] 		 49 13
2020-12-06 22:41:32,216 [INFO] LogOutputStream:76 - [STDOUT_REDIRECT] 		 3a b
2020-12-06 22:41:32,217 [INFO] LogOutputStream:76 - [STDOUT_REDIRECT] 		 3b 5
2020-12-06 22:41:32,217 [INFO] LogOutputStream:76 - [STDOUT_REDIRECT] 		 39 b
2020-12-06 22:41:32,218 [INFO] LogOutputStream:76 - [STDOUT_REDIRECT] 		 1 13
2020-12-06 22:41:32,218 [INFO] LogOutputStream:76 - [STDOUT_REDIRECT] 		 0 0
2020-12-06 22:41:32,219 [INFO] LogOutputStream:76 - [STDOUT_REDIRECT] 	Abrev Entry: 22 17 0
2020-12-06 22:41:32,219 [INFO] LogOutputStream:76 - [STDOUT_REDIRECT] 		 3 8
2020-12-06 22:41:32,219 [INFO] LogOutputStream:76 - [STDOUT_REDIRECT] 		 3c 19
2020-12-06 22:41:32,219 [INFO] LogOutputStream:76 - [STDOUT_REDIRECT] 		 0 0
2020-12-06 22:41:32,219 [INFO] LogOutputStream:76 - [STDOUT_REDIRECT] 	Abrev Entry: 23 15 0
2020-12-06 22:41:32,219 [INFO] LogOutputStream:76 - [STDOUT_REDIRECT] 		 27 19
2020-12-06 22:41:32,219 [INFO] LogOutputStream:76 - [STDOUT_REDIRECT] 		 0 0
2020-12-06 22:41:32,219 [INFO] LogOutputStream:76 - [STDOUT_REDIRECT] 	Abrev Entry: 24 34 0
2020-12-06 22:41:32,223 [INFO] LogOutputStream:76 - [STDOUT_REDIRECT] 		 47 13
2020-12-06 22:41:32,223 [INFO] LogOutputStream:76 - [STDOUT_REDIRECT] 		 3a b
2020-12-06 22:41:32,224 [INFO] LogOutputStream:76 - [STDOUT_REDIRECT] 		 3b 5
2020-12-06 22:41:32,224 [INFO] LogOutputStream:76 - [STDOUT_REDIRECT] 		 39 b
2020-12-06 22:41:32,224 [INFO] LogOutputStream:76 - [STDOUT_REDIRECT] 		 2 18
2020-12-06 22:41:32,224 [INFO] LogOutputStream:76 - [STDOUT_REDIRECT] 		 0 0
