2020-12-02 23:23:36,306 [INFO] Activator:170 - 


2020-12-02 23:23:36,309 [INFO] Activator:171 - !SESSION log4j initialized
2020-12-02 23:26:16,011 [INFO] Activator:170 - 


2020-12-02 23:26:16,011 [INFO] Activator:171 - !SESSION log4j initialized
2020-12-02 23:26:48,304 [INFO] McuFinderGlobals:40 - Set McuFinder mode to 2 (CubeIDE integrated)
2020-12-02 23:26:48,424 [INFO] ApplicationProperties:181 - Using Application install path: C:\ST\STM32CubeIDE_1.5.0\STM32CubeIDE\plugins\com.st.stm32cube.common.mx_6.1.0.202011121557
2020-12-02 23:26:48,434 [INFO] DbMcusXml:71 - Set database path to: C:\ST\STM32CubeIDE_1.5.0\STM32CubeIDE\plugins\com.st.stm32cube.common.mx_6.1.0.202011121557\\db\/mcu/
2020-12-02 23:26:48,440 [INFO] DbBoardsPdsc:57 - Set plugin database path to: C:\ST\STM32CubeIDE_1.5.0\STM32CubeIDE\plugins\com.st.stm32cube.common.mx_6.1.0.202011121557\\db\/plugins/boardmanager/
2020-12-02 23:26:48,440 [INFO] DbMcus:259 - Set plugin images path to: C:\ST\STM32CubeIDE_1.5.0\STM32CubeIDE\plugins\com.st.stm32cube.common.mx_6.1.0.202011121557\\db\/plugins/mcufinder/images/
2020-12-02 23:26:48,440 [INFO] DbBoards:265 - Set plugin images path to: C:\ST\STM32CubeIDE_1.5.0\STM32CubeIDE\plugins\com.st.stm32cube.common.mx_6.1.0.202011121557\\db\/plugins/mcufinder/images/
2020-12-02 23:26:48,443 [INFO] DbExamples:329 - Set plugin images path to: C:\ST\STM32CubeIDE_1.5.0\STM32CubeIDE\plugins\com.st.stm32cube.common.mx_6.1.0.202011121557\\db\/plugins/mcufinder/images/
2020-12-02 23:26:49,896 [WARN] ApiFinderProperties:99 - C:\Users\ernoo\.stmcufinder\plugins\mcufinder\mcu\mcuFinder.mfd doesn't exist
2020-12-02 23:26:49,898 [INFO] DbMcusDocs:112 - Set database path to: C:\Users\ernoo\.stmcufinder\plugins\mcufinder//mcu/
2020-12-02 23:26:49,900 [INFO] DbMcusJson:63 - Set database path to: C:\Users\ernoo\.stmcufinder\plugins\mcufinder//mcu/
2020-12-02 23:26:49,901 [INFO] DbBoardsDocs:112 - Set database path to: C:\Users\ernoo\.stmcufinder\plugins\mcufinder//mcu/
2020-12-02 23:26:49,902 [INFO] DbBoardsJson:56 - Set database path to: C:\Users\ernoo\.stmcufinder\plugins\mcufinder//mcu/
2020-12-02 23:26:49,908 [INFO] CrossReferenceDbSqlite:196 - Set database path to: C:\Users\ernoo\.stmcufinder\plugins\mcufinder//mcu/cs/
2020-12-02 23:26:49,912 [INFO] DbExamplesSqlite:699 - Set database path to: C:\Users\ernoo\.stmcufinder\plugins\mcufinder//mcu/
2020-12-02 23:26:50,060 [INFO] RulesReader:52 - Compatibility file has been processed (228 Rules)
2020-12-02 23:26:50,281 [INFO] MicroXplorer:565 - Detected Java Version = 1.8.0_272
2020-12-02 23:26:50,282 [INFO] DbMcusXml:71 - Set database path to: C:\ST\STM32CubeIDE_1.5.0\STM32CubeIDE\plugins\com.st.stm32cube.common.mx_6.1.0.202011121557\\db\/mcu/
2020-12-02 23:26:50,283 [INFO] DbBoardsPdsc:57 - Set plugin database path to: C:\ST\STM32CubeIDE_1.5.0\STM32CubeIDE\plugins\com.st.stm32cube.common.mx_6.1.0.202011121557\\db\/plugins/boardmanager/
2020-12-02 23:26:50,283 [INFO] DbMcus:259 - Set plugin images path to: C:\ST\STM32CubeIDE_1.5.0\STM32CubeIDE\plugins\com.st.stm32cube.common.mx_6.1.0.202011121557\\db\/plugins/mcufinder/images/
2020-12-02 23:26:50,283 [INFO] DbBoards:265 - Set plugin images path to: C:\ST\STM32CubeIDE_1.5.0\STM32CubeIDE\plugins\com.st.stm32cube.common.mx_6.1.0.202011121557\\db\/plugins/mcufinder/images/
2020-12-02 23:26:50,284 [INFO] DbExamples:329 - Set plugin images path to: C:\ST\STM32CubeIDE_1.5.0\STM32CubeIDE\plugins\com.st.stm32cube.common.mx_6.1.0.202011121557\\db\/plugins/mcufinder/images/
2020-12-02 23:26:50,284 [WARN] DbFile:36 - Overriding database path with different value: C:\Users\ernoo\.stmcufinder\plugins\mcufinder/ => C:\Users\ernoo\.stmcufinder\plugins\mcufinder
2020-12-02 23:26:50,284 [INFO] DbMcusDocs:112 - Set database path to: C:\Users\ernoo\.stmcufinder\plugins\mcufinder//mcu/
2020-12-02 23:26:50,284 [WARN] DbFile:36 - Overriding database path with different value: C:\Users\ernoo\.stmcufinder\plugins\mcufinder/ => C:\Users\ernoo\.stmcufinder\plugins\mcufinder
2020-12-02 23:26:50,284 [INFO] DbMcusJson:63 - Set database path to: C:\Users\ernoo\.stmcufinder\plugins\mcufinder//mcu/
2020-12-02 23:26:50,284 [WARN] DbFile:36 - Overriding database path with different value: C:\Users\ernoo\.stmcufinder\plugins\mcufinder/ => C:\Users\ernoo\.stmcufinder\plugins\mcufinder
2020-12-02 23:26:50,285 [INFO] DbBoardsDocs:112 - Set database path to: C:\Users\ernoo\.stmcufinder\plugins\mcufinder//mcu/
2020-12-02 23:26:50,285 [WARN] DbFile:36 - Overriding database path with different value: C:\Users\ernoo\.stmcufinder\plugins\mcufinder/ => C:\Users\ernoo\.stmcufinder\plugins\mcufinder
2020-12-02 23:26:50,285 [INFO] DbBoardsJson:56 - Set database path to: C:\Users\ernoo\.stmcufinder\plugins\mcufinder//mcu/
2020-12-02 23:26:50,285 [WARN] DbFile:36 - Overriding database path with different value: C:\Users\ernoo\.stmcufinder\plugins\mcufinder/ => C:\Users\ernoo\.stmcufinder\plugins\mcufinder
2020-12-02 23:26:50,285 [WARN] DbFile:36 - Overriding database path with different value: C:\Users\ernoo\.stmcufinder\plugins\mcufinder/ => C:\Users\ernoo\.stmcufinder\plugins\mcufinder
2020-12-02 23:26:50,285 [INFO] CrossReferenceDbSqlite:196 - Set database path to: C:\Users\ernoo\.stmcufinder\plugins\mcufinder//mcu/cs/
2020-12-02 23:26:50,286 [WARN] DbFile:36 - Overriding database path with different value: C:\Users\ernoo\.stmcufinder\plugins\mcufinder/ => C:\Users\ernoo\.stmcufinder\plugins\mcufinder
2020-12-02 23:26:50,286 [INFO] DbExamplesSqlite:699 - Set database path to: C:\Users\ernoo\.stmcufinder\plugins\mcufinder//mcu/
2020-12-02 23:26:50,418 [INFO] MainPanel:190 - HeapMemory: 282066944
2020-12-02 23:26:50,547 [INFO] DbMcusXml:71 - Set database path to: C:\ST\STM32CubeIDE_1.5.0\STM32CubeIDE\plugins\com.st.stm32cube.common.mx_6.1.0.202011121557\\db\/mcu/
2020-12-02 23:26:50,547 [INFO] DbBoardsPdsc:57 - Set plugin database path to: C:\ST\STM32CubeIDE_1.5.0\STM32CubeIDE\plugins\com.st.stm32cube.common.mx_6.1.0.202011121557\\db\/plugins/boardmanager/
2020-12-02 23:26:50,547 [INFO] DbMcus:259 - Set plugin images path to: C:\ST\STM32CubeIDE_1.5.0\STM32CubeIDE\plugins\com.st.stm32cube.common.mx_6.1.0.202011121557\\db\/plugins/mcufinder/images/
2020-12-02 23:26:50,548 [INFO] DbBoards:265 - Set plugin images path to: C:\ST\STM32CubeIDE_1.5.0\STM32CubeIDE\plugins\com.st.stm32cube.common.mx_6.1.0.202011121557\\db\/plugins/mcufinder/images/
2020-12-02 23:26:50,548 [INFO] DbExamples:329 - Set plugin images path to: C:\ST\STM32CubeIDE_1.5.0\STM32CubeIDE\plugins\com.st.stm32cube.common.mx_6.1.0.202011121557\\db\/plugins/mcufinder/images/
2020-12-02 23:26:50,548 [WARN] DbFile:36 - Overriding database path with different value: C:\Users\ernoo\.stmcufinder\plugins\mcufinder/ => C:\Users\ernoo\.stmcufinder\plugins\mcufinder
2020-12-02 23:26:50,548 [INFO] DbMcusDocs:112 - Set database path to: C:\Users\ernoo\.stmcufinder\plugins\mcufinder//mcu/
2020-12-02 23:26:50,548 [WARN] DbFile:36 - Overriding database path with different value: C:\Users\ernoo\.stmcufinder\plugins\mcufinder/ => C:\Users\ernoo\.stmcufinder\plugins\mcufinder
2020-12-02 23:26:50,549 [INFO] DbMcusJson:63 - Set database path to: C:\Users\ernoo\.stmcufinder\plugins\mcufinder//mcu/
2020-12-02 23:26:50,549 [WARN] DbFile:36 - Overriding database path with different value: C:\Users\ernoo\.stmcufinder\plugins\mcufinder/ => C:\Users\ernoo\.stmcufinder\plugins\mcufinder
2020-12-02 23:26:50,549 [INFO] DbBoardsDocs:112 - Set database path to: C:\Users\ernoo\.stmcufinder\plugins\mcufinder//mcu/
2020-12-02 23:26:50,550 [WARN] DbFile:36 - Overriding database path with different value: C:\Users\ernoo\.stmcufinder\plugins\mcufinder/ => C:\Users\ernoo\.stmcufinder\plugins\mcufinder
2020-12-02 23:26:50,550 [INFO] DbBoardsJson:56 - Set database path to: C:\Users\ernoo\.stmcufinder\plugins\mcufinder//mcu/
2020-12-02 23:26:50,550 [WARN] DbFile:36 - Overriding database path with different value: C:\Users\ernoo\.stmcufinder\plugins\mcufinder/ => C:\Users\ernoo\.stmcufinder\plugins\mcufinder
2020-12-02 23:26:50,550 [WARN] DbFile:36 - Overriding database path with different value: C:\Users\ernoo\.stmcufinder\plugins\mcufinder/ => C:\Users\ernoo\.stmcufinder\plugins\mcufinder
2020-12-02 23:26:50,551 [INFO] CrossReferenceDbSqlite:196 - Set database path to: C:\Users\ernoo\.stmcufinder\plugins\mcufinder//mcu/cs/
2020-12-02 23:26:50,551 [WARN] DbFile:36 - Overriding database path with different value: C:\Users\ernoo\.stmcufinder\plugins\mcufinder/ => C:\Users\ernoo\.stmcufinder\plugins\mcufinder
2020-12-02 23:26:50,551 [INFO] DbExamplesSqlite:699 - Set database path to: C:\Users\ernoo\.stmcufinder\plugins\mcufinder//mcu/
2020-12-02 23:26:50,609 [INFO] ApplicationProperties:181 - Using Application install path: C:\ST\STM32CubeIDE_1.5.0\STM32CubeIDE\plugins\com.st.stm32cube.common.mx_6.1.0.202011121557
2020-12-02 23:26:50,612 [INFO] PluginManage:178 - Search for loadable plugins [exclusion list=, ]
2020-12-02 23:26:50,614 [INFO] PluginManage:292 - Check plugin analytics
2020-12-02 23:26:55,373 [INFO] AnalyticsPlugin:225 - Accepted Software Licenses: 
2020-12-02 23:26:55,374 [INFO] AnalyticsPlugin:227 - Accepted CMSIS Pack Licenses: 
2020-12-02 23:26:55,376 [INFO] AnalyticsPlugin:229 - Accepted Firmware Licenses: 
2020-12-02 23:26:55,377 [INFO] PluginManage:342 - Loaded plugin analytics (category:tool,tabindex:-1)
2020-12-02 23:26:55,377 [INFO] PluginManage:292 - Check plugin clock
2020-12-02 23:26:55,393 [INFO] PluginManage:342 - Loaded plugin clock (category:base,tabindex:2)
2020-12-02 23:26:55,393 [INFO] PluginManage:292 - Check plugin ddr
2020-12-02 23:26:55,396 [INFO] PluginManage:342 - Loaded plugin ddr (category:tool,tabindex:6)
2020-12-02 23:26:55,397 [INFO] PluginManage:292 - Check plugin filemanager
2020-12-02 23:26:55,573 [INFO] PluginManage:342 - Loaded plugin filemanager (category:base,tabindex:10)
2020-12-02 23:26:55,574 [INFO] PluginManage:292 - Check plugin ipmanager
2020-12-02 23:26:55,597 [INFO] PluginManage:342 - Loaded plugin ipmanager (category:base,tabindex:5)
2020-12-02 23:26:55,598 [INFO] PluginManage:292 - Check plugin pinoutandconfiguration
2020-12-02 23:26:55,611 [INFO] PluginManage:342 - Loaded plugin pinoutandconfiguration (category:base,tabindex:1)
2020-12-02 23:26:55,611 [INFO] PluginManage:292 - Check plugin pinoutconfig
2020-12-02 23:26:55,662 [INFO] PluginManage:342 - Loaded plugin pinoutconfig (category:base,tabindex:0)
2020-12-02 23:26:55,663 [INFO] PluginManage:292 - Check plugin power
2020-12-02 23:26:55,675 [INFO] PluginManage:342 - Loaded plugin power (category:power,tabindex:4)
2020-12-02 23:26:55,675 [INFO] PluginManage:292 - Check plugin projectmanager
2020-12-02 23:26:55,698 [INFO] PluginManage:342 - Loaded plugin projectmanager (category:projectmanager,tabindex:3)
2020-12-02 23:26:55,699 [INFO] PluginManage:292 - Check plugin thirdparty
2020-12-02 23:26:55,825 [INFO] PluginManage:342 - Loaded plugin thirdparty (category:base,tabindex:-1)
2020-12-02 23:26:55,826 [WARN] IntegrityCheckThread:59 - waiting for thirdparty lock release [integrity check]
2020-12-02 23:26:55,826 [INFO] IntegrityCheckThread:61 - entering critical section [integrity check]
2020-12-02 23:26:55,826 [INFO] PluginManage:292 - Check plugin tools
2020-12-02 23:26:55,827 [INFO] ThirdPartyUpdaterWithRetryManager:56 - Updater plugin not ready yet. [1/15]
2020-12-02 23:26:55,830 [INFO] PluginManage:342 - Loaded plugin tools (category:base,tabindex:7)
2020-12-02 23:26:55,830 [INFO] PluginManage:292 - Check plugin tutovideos
2020-12-02 23:26:56,212 [INFO] PluginManage:342 - Loaded plugin tutovideos (category:base,tabindex:-1)
2020-12-02 23:26:56,212 [INFO] PluginManage:292 - Check plugin updater
2020-12-02 23:26:56,230 [INFO] PluginManage:342 - Loaded plugin updater (category:base,tabindex:12)
2020-12-02 23:26:56,231 [INFO] PluginManage:265 - PluginManage : Loaded plugins [13]
2020-12-02 23:26:56,608 [INFO] PinOutPanel:1434 - setPackage(No Configuration,No Configuration)
2020-12-02 23:26:56,905 [INFO] IPUIPlugin:64 - create IPUIPlugin
2020-12-02 23:26:56,906 [INFO] PluginManager:203 - loadIPPluginJar : add adc
2020-12-02 23:26:56,909 [INFO] IPUIPlugin:64 - create IPUIPlugin
2020-12-02 23:26:56,910 [INFO] PluginManager:203 - loadIPPluginJar : add aes
2020-12-02 23:26:56,913 [INFO] IPUIPlugin:64 - create IPUIPlugin
2020-12-02 23:26:56,914 [INFO] PluginManager:203 - loadIPPluginJar : add can
2020-12-02 23:26:56,916 [INFO] IPUIPlugin:64 - create IPUIPlugin
2020-12-02 23:26:56,916 [INFO] PluginManager:203 - loadIPPluginJar : add comp
2020-12-02 23:26:56,921 [INFO] IPUIPlugin:64 - create IPUIPlugin
2020-12-02 23:26:56,921 [INFO] PluginManager:203 - loadIPPluginJar : add cryp
2020-12-02 23:26:56,926 [INFO] IPUIPlugin:64 - create IPUIPlugin
2020-12-02 23:26:56,927 [INFO] PluginManager:203 - loadIPPluginJar : add dfsdm
2020-12-02 23:26:56,937 [INFO] IPUIPlugin:64 - create IPUIPlugin
2020-12-02 23:26:56,938 [INFO] PluginManager:203 - loadIPPluginJar : add dma
2020-12-02 23:26:56,941 [INFO] IPUIPlugin:64 - create IPUIPlugin
2020-12-02 23:26:56,942 [INFO] PluginManager:203 - loadIPPluginJar : add fatfs
2020-12-02 23:26:56,949 [INFO] IPUIPlugin:64 - create IPUIPlugin
2020-12-02 23:26:56,949 [INFO] PluginManager:203 - loadIPPluginJar : add fmc
2020-12-02 23:26:56,960 [INFO] IPUIPlugin:64 - create IPUIPlugin
2020-12-02 23:26:56,961 [INFO] PluginManager:203 - loadIPPluginJar : add freertos
2020-12-02 23:26:56,964 [INFO] IPUIPlugin:64 - create IPUIPlugin
2020-12-02 23:26:56,964 [INFO] PluginManager:203 - loadIPPluginJar : add genericplugin
2020-12-02 23:26:56,967 [INFO] IPUIPlugin:64 - create IPUIPlugin
2020-12-02 23:26:56,967 [INFO] PluginManager:203 - loadIPPluginJar : add gfxmmu
2020-12-02 23:26:56,975 [INFO] IPUIPlugin:64 - create IPUIPlugin
2020-12-02 23:26:56,976 [INFO] PluginManager:203 - loadIPPluginJar : add gic
2020-12-02 23:26:56,981 [INFO] IPUIPlugin:64 - create IPUIPlugin
2020-12-02 23:26:56,982 [INFO] PluginManager:203 - loadIPPluginJar : add gpio
2020-12-02 23:26:56,985 [INFO] IPUIPlugin:64 - create IPUIPlugin
2020-12-02 23:26:56,986 [INFO] PluginManager:203 - loadIPPluginJar : add gtzc
2020-12-02 23:26:56,990 [INFO] IPUIPlugin:64 - create IPUIPlugin
2020-12-02 23:26:56,991 [INFO] PluginManager:203 - loadIPPluginJar : add hash
2020-12-02 23:26:56,998 [INFO] IPUIPlugin:64 - create IPUIPlugin
2020-12-02 23:26:56,999 [INFO] PluginManager:203 - loadIPPluginJar : add i2c
2020-12-02 23:26:57,004 [INFO] IPUIPlugin:64 - create IPUIPlugin
2020-12-02 23:26:57,004 [INFO] PluginManager:203 - loadIPPluginJar : add i2s
2020-12-02 23:26:57,009 [INFO] IPUIPlugin:64 - create IPUIPlugin
2020-12-02 23:26:57,009 [INFO] PluginManager:203 - loadIPPluginJar : add ipddr
2020-12-02 23:26:57,013 [INFO] IPUIPlugin:64 - create IPUIPlugin
2020-12-02 23:26:57,013 [INFO] PluginManager:203 - loadIPPluginJar : add lorawan
2020-12-02 23:26:57,015 [INFO] IPUIPlugin:64 - create IPUIPlugin
2020-12-02 23:26:57,016 [INFO] PluginManager:203 - loadIPPluginJar : add ltdc
2020-12-02 23:26:57,024 [INFO] IPUIPlugin:64 - create IPUIPlugin
2020-12-02 23:26:57,024 [INFO] PluginManager:203 - loadIPPluginJar : add mdma
2020-12-02 23:26:57,032 [INFO] IPUIPlugin:64 - create IPUIPlugin
2020-12-02 23:26:57,032 [INFO] PluginManager:203 - loadIPPluginJar : add nvic
2020-12-02 23:26:57,036 [INFO] IPUIPlugin:64 - create IPUIPlugin
2020-12-02 23:26:57,036 [INFO] PluginManager:203 - loadIPPluginJar : add opamp
2020-12-02 23:26:57,040 [INFO] IPUIPlugin:64 - create IPUIPlugin
2020-12-02 23:26:57,041 [INFO] PluginManager:203 - loadIPPluginJar : add openamp
2020-12-02 23:26:57,044 [INFO] IPUIPlugin:64 - create IPUIPlugin
2020-12-02 23:26:57,045 [INFO] PluginManager:203 - loadIPPluginJar : add pdm2pcm
2020-12-02 23:26:57,054 [INFO] IPUIPlugin:64 - create IPUIPlugin
2020-12-02 23:26:57,061 [INFO] PluginManager:203 - loadIPPluginJar : add plateformsettings
2020-12-02 23:26:57,063 [INFO] IPUIPlugin:64 - create IPUIPlugin
2020-12-02 23:26:57,064 [INFO] PluginManager:203 - loadIPPluginJar : add quadspi
2020-12-02 23:26:57,069 [INFO] IPUIPlugin:64 - create IPUIPlugin
2020-12-02 23:26:57,069 [INFO] PluginManager:203 - loadIPPluginJar : add resmgrutility
2020-12-02 23:26:57,075 [INFO] IPUIPlugin:64 - create IPUIPlugin
2020-12-02 23:26:57,075 [INFO] PluginManager:203 - loadIPPluginJar : add sai
2020-12-02 23:26:57,080 [INFO] IPUIPlugin:64 - create IPUIPlugin
2020-12-02 23:26:57,080 [INFO] PluginManager:203 - loadIPPluginJar : add spi
2020-12-02 23:26:57,088 [INFO] IPUIPlugin:64 - create IPUIPlugin
2020-12-02 23:26:57,089 [INFO] PluginManager:203 - loadIPPluginJar : add stm32_wpan
2020-12-02 23:26:57,094 [INFO] IPUIPlugin:64 - create IPUIPlugin
2020-12-02 23:26:57,094 [INFO] PluginManager:203 - loadIPPluginJar : add tim
2020-12-02 23:26:57,101 [INFO] IPUIPlugin:64 - create IPUIPlugin
2020-12-02 23:26:57,101 [INFO] PluginManager:203 - loadIPPluginJar : add touchsensing
2020-12-02 23:26:57,106 [INFO] IPUIPlugin:64 - create IPUIPlugin
2020-12-02 23:26:57,107 [INFO] PluginManager:203 - loadIPPluginJar : add tracer_emb
2020-12-02 23:26:57,112 [INFO] IPUIPlugin:64 - create IPUIPlugin
2020-12-02 23:26:57,112 [INFO] PluginManager:203 - loadIPPluginJar : add ts
2020-12-02 23:26:57,116 [INFO] IPUIPlugin:64 - create IPUIPlugin
2020-12-02 23:26:57,116 [INFO] PluginManager:203 - loadIPPluginJar : add tsc
2020-12-02 23:26:57,118 [INFO] IPUIPlugin:64 - create IPUIPlugin
2020-12-02 23:26:57,118 [INFO] PluginManager:203 - loadIPPluginJar : add ucpd
2020-12-02 23:26:57,124 [INFO] IPUIPlugin:64 - create IPUIPlugin
2020-12-02 23:26:57,125 [INFO] PluginManager:203 - loadIPPluginJar : add usart
2020-12-02 23:26:57,651 [FATAL] Updater:284 - Updater called before beeing initialized
2020-12-02 23:26:57,929 [FATAL] Updater:284 - Updater called before beeing initialized
2020-12-02 23:26:57,995 [WARN] DetailPanel:347 - Failed to get advertising image, set to default
2020-12-02 23:26:57,999 [FATAL] Updater:284 - Updater called before beeing initialized
2020-12-02 23:26:57,999 [WARN] DetailPanel:347 - Failed to get advertising image, set to default
2020-12-02 23:26:58,113 [FATAL] Updater:284 - Updater called before beeing initialized
2020-12-02 23:26:58,113 [WARN] ThirdParty:783 - waiting for thirdparty lock release [close project]
2020-12-02 23:26:58,827 [INFO] ThirdPartyUpdaterWithRetryManager:56 - Updater plugin not ready yet. [2/15]
2020-12-02 23:27:01,828 [FATAL] Updater:284 - Updater called before beeing initialized
2020-12-02 23:27:01,829 [ERROR] AbstractThirdPartyUpdaterManager:153 - java.lang.Integer cannot be cast to java.util.List
2020-12-02 23:27:01,830 [INFO] ThirdParty:887 - Integrity check success = false
2020-12-02 23:27:01,831 [INFO] IntegrityCheckThread:75 - exiting critical section [integrity check]
2020-12-02 23:27:01,831 [INFO] IntegrityCheckThread:78 - End integrity checks thread
2020-12-02 23:27:01,831 [INFO] ThirdParty:785 - entering critical section [close project]
2020-12-02 23:27:01,834 [INFO] ThirdParty:796 - exiting critical section [close project]
2020-12-02 23:27:01,846 [INFO] PinOutPanel:1434 - setPackage(No Configuration,No Configuration)
2020-12-02 23:27:01,848 [FATAL] Updater:284 - Updater called before beeing initialized
2020-12-02 23:27:01,861 [ERROR] Updater:1065 - MainUpdater not yet initialized. External WinMGr cannot be set.
2020-12-02 23:27:01,863 [INFO] Updater:1002 - Updater Version found : 6.1.0
2020-12-02 23:27:01,882 [INFO] ApplicationProperties:181 - Using Application install path: C:\ST\STM32CubeIDE_1.5.0\STM32CubeIDE\plugins\com.st.stm32cube.common.mx_6.1.0.202011121557
2020-12-02 23:27:01,917 [INFO] MainUpdater:473 - Copy updater definitions from MX database
2020-12-02 23:27:01,952 [INFO] MainUpdater:506 - Copy flag file definitions from MX database
2020-12-02 23:27:01,960 [INFO] MainUpdater:522 - Copy thirdparty index definitions from MX database
2020-12-02 23:27:01,967 [INFO] MainUpdater:541 - Copy default thirdparty db definitions from MX database
2020-12-02 23:27:02,255 [INFO] MainUpdater:2644 - connection check result : 10
2020-12-02 23:27:02,256 [INFO] MainUpdater:3332 - Updater definition file requires update
2020-12-02 23:27:02,257 [INFO] MainUpdater:249 - Updater Check For Update Now.
2020-12-02 23:27:02,258 [INFO] MicroXplorer:415 - Change Database Version : DB.6.0.10
2020-12-02 23:27:02,358 [INFO] ServerAccessManage:348 - Download File updaters.zip
2020-12-02 23:27:02,592 [INFO] FileExtend:225 - Unzip File : updaters.zip
2020-12-02 23:27:02,592 [INFO] FileExtend:240 - Standard Zip Deflate
2020-12-02 23:27:05,002 [INFO] ServerAccessManage:348 - Download File PacksControlFlags.xml
2020-12-02 23:27:05,132 [INFO] ServerAccessManage:348 - Download File cubemx.pidx
2020-12-02 23:27:05,375 [INFO] ServerAccessManage:348 - Download File STMicroelectronics.X-CUBE-AI.pdsc
2020-12-02 23:27:06,109 [INFO] ServerAccessManage:348 - Download File STMicroelectronics.X-CUBE-BLE1.pdsc
2020-12-02 23:27:06,964 [ERROR] ServerAccessManage:947 - Problem, file not found on Server
2020-12-02 23:27:07,064 [INFO] ServerAccessManage:348 - Download File STMicroelectronics.X-CUBE-BLE2.pdsc
2020-12-02 23:27:07,646 [INFO] ServerAccessManage:348 - Download File STMicroelectronics.X-CUBE-DISPLAY.pdsc
2020-12-02 23:27:07,869 [INFO] ServerAccessManage:348 - Download File STMicroelectronics.X-CUBE-EEPRMA1.pdsc
2020-12-02 23:27:08,103 [INFO] ServerAccessManage:348 - Download File STMicroelectronics.X-CUBE-GNSS1.pdsc
2020-12-02 23:27:08,876 [ERROR] ServerAccessManage:947 - Problem, file not found on Server
2020-12-02 23:27:09,023 [ERROR] ServerAccessManage:947 - Problem, file not found on Server
2020-12-02 23:27:09,183 [ERROR] ServerAccessManage:947 - Problem, file not found on Server
2020-12-02 23:27:09,339 [ERROR] ServerAccessManage:947 - Problem, file not found on Server
2020-12-02 23:27:09,496 [ERROR] ServerAccessManage:947 - Problem, file not found on Server
2020-12-02 23:27:09,653 [ERROR] ServerAccessManage:947 - Problem, file not found on Server
2020-12-02 23:27:09,744 [INFO] ServerAccessManage:348 - Download File STMicroelectronics.X-CUBE-MEMS1.pdsc
2020-12-02 23:27:11,544 [INFO] ServerAccessManage:348 - Download File STMicroelectronics.X-CUBE-NFC4.pdsc
2020-12-02 23:27:12,463 [INFO] ServerAccessManage:348 - Download File STMicroelectronics.X-CUBE-SFXS2LP1.pdsc
2020-12-02 23:27:12,684 [INFO] ServerAccessManage:348 - Download File STMicroelectronics.X-CUBE-SUBG2.pdsc
2020-12-02 23:27:12,964 [INFO] MainUpdater:2644 - connection check result : 10
2020-12-02 23:27:13,209 [INFO] ServerAccessManage:348 - Download File STMicroelectronics.X-CUBE-TOUCHGFX.pdsc
2020-12-02 23:27:13,594 [INFO] ServerAccessManage:348 - Download File STMicroelectronics.X-CUBE-ALGOBUILD.pdsc
2020-12-02 23:27:13,998 [INFO] CheckServerUpdateThread:102 - End of CheckServer Thread
2020-12-02 23:27:14,507 [WARN] ConditionMgr:437 - getConditionDescription Invalid condition id : SIGFOX STM32 LIB Condition cause : null
2020-12-02 23:27:14,508 [WARN] ConditionMgr:437 - getConditionDescription Invalid condition id : Sigfox Third Party LIB Condition cause : null
2020-12-02 23:27:14,511 [WARN] ConditionMgr:1040 - genDependencies : Invalid condition id : SIGFOX STM32 LIB Condition cause : null
2020-12-02 23:27:14,511 [WARN] ConditionMgr:1040 - genDependencies : Invalid condition id : Sigfox Third Party LIB Condition cause : null
2020-12-02 23:27:14,512 [WARN] ConditionMgr:1040 - genDependencies : Invalid condition id : Sigfox Third Party LIB Condition cause : null
2020-12-02 23:27:14,512 [WARN] ConditionMgr:1040 - genDependencies : Invalid condition id : SIGFOX STM32 LIB Condition cause : null
2020-12-02 23:27:14,512 [WARN] ConditionMgr:1040 - genDependencies : Invalid condition id : SIGFOX STM32 LIB Condition cause : null
2020-12-02 23:27:14,512 [WARN] ConditionMgr:1040 - genDependencies : Invalid condition id : Sigfox Third Party LIB Condition cause : null
2020-12-02 23:27:14,526 [INFO] CrossSelectorPresenter:1330 - Cross Selector saved comparison directory: C:\Users\ernoo\.stmcufinder\plugins\mcufinder\mcu\cs_comparisons_mx
2020-12-02 23:27:14,534 [INFO] MultiScanPanel:198 - Auto-refresh data requested => check proxy status ongoing
2020-12-02 23:27:14,538 [INFO] FinderPluginLoader:87 - Searching for filters in installed packs
2020-12-02 23:27:14,540 [INFO] DbMcusXml:97 - Load MCU database from C:\ST\STM32CubeIDE_1.5.0\STM32CubeIDE\plugins\com.st.stm32cube.common.mx_6.1.0.202011121557\\db\/mcu/families.xml
2020-12-02 23:27:14,565 [INFO] PopulateThirdPartyThread:50 - Ending populate Thread
2020-12-02 23:27:14,567 [INFO] ThirdParty:939 - CMSIS Pack Vendor :STMicroelectronics X-CUBE-GNSS1 5.1.0
2020-12-02 23:27:14,567 [INFO] ThirdParty:939 - CMSIS Pack Vendor :STMicroelectronics X-CUBE-BLE1 6.1.0
2020-12-02 23:27:14,568 [INFO] ThirdParty:939 - CMSIS Pack Vendor :STMicroelectronics X-CUBE-SFXS2LP1 2.0.0
2020-12-02 23:27:14,568 [INFO] ThirdParty:939 - CMSIS Pack Vendor :STMicroelectronics X-CUBE-MEMS1 8.2.0
2020-12-02 23:27:14,568 [INFO] ThirdParty:939 - CMSIS Pack Vendor :STMicroelectronics X-CUBE-EEPRMA1 3.0.0
2020-12-02 23:27:14,568 [INFO] ThirdParty:939 - CMSIS Pack Vendor :STMicroelectronics X-CUBE-DISPLAY 1.0.0
2020-12-02 23:27:14,568 [INFO] ThirdParty:939 - CMSIS Pack Vendor :STMicroelectronics X-CUBE-TOUCHGFX 4.15.0
2020-12-02 23:27:14,568 [INFO] ThirdParty:939 - CMSIS Pack Vendor :STMicroelectronics X-CUBE-AI 5.2.0
2020-12-02 23:27:14,568 [INFO] ThirdParty:939 - CMSIS Pack Vendor :STMicroelectronics X-CUBE-NFC4 2.0.1
2020-12-02 23:27:14,568 [INFO] ThirdParty:939 - CMSIS Pack Vendor :STMicroelectronics X-CUBE-SUBG2 3.0.0
2020-12-02 23:27:14,568 [INFO] ThirdParty:939 - CMSIS Pack Vendor :STMicroelectronics X-CUBE-BLE2 3.1.0
2020-12-02 23:27:14,569 [INFO] ThirdParty:939 - CMSIS Pack Vendor :STMicroelectronics X-CUBE-ALGOBUILD 1.1.0
2020-12-02 23:27:14,570 [INFO] LoadServerUpdatesThread:329 - End of LoadServerUpdate Thread
2020-12-02 23:27:15,283 [INFO] DbMcusJson:92 - JSON generation date=Thu Nov 05 19:05:07 AST 2020 (1604592307)
2020-12-02 23:27:16,618 [INFO] DbMcus:176 - Found 1835 MCUs (1796 are supported by CubeMX, 1796 are visible in CubeMX)
2020-12-02 23:27:16,633 [INFO] ApiDb:229 - User favorites file not found: C:\Users\ernoo/.stm32cubeide/favorites.mcus.txt
2020-12-02 23:27:16,633 [INFO] DbMcus:188 - Set 0 / 0 favorites MCUs
2020-12-02 23:27:17,319 [WARN] DetailPanel:347 - Failed to get advertising image, set to default
2020-12-02 23:27:18,004 [INFO] McuFilterPanel:245 - Update 0 favorites MCUs
2020-12-02 23:27:18,216 [INFO] DbBoardsPdsc:91 - Found 24 items
2020-12-02 23:27:18,225 [INFO] DbBoardsPdsc:91 - Found 9 items
2020-12-02 23:27:18,225 [INFO] DbBoardsPdsc:91 - Found 32 items
2020-12-02 23:27:18,234 [INFO] DbBoardsPdsc:91 - Found 1 items
2020-12-02 23:27:18,236 [INFO] DbBoardsPdsc:91 - Found 45 items
2020-12-02 23:27:18,246 [INFO] DbBoardsPdsc:91 - Found 41 items
2020-12-02 23:27:18,254 [INFO] DbBoardsPdsc:91 - Found 2 items
2020-12-02 23:27:18,256 [INFO] DbBoardsPdsc:91 - Found 4 items
2020-12-02 23:27:18,266 [WARN] DbBoardsPdsc:255 - Board STM32H7B3I-DK: unknown feature type=Audio, name=, username=Audio stereo codec with Headphone Amp (CS42L51-CNZ), n=1
2020-12-02 23:27:18,266 [WARN] DbBoardsPdsc:255 - Board STM32H735G-DK: unknown feature type=Audio, name=, username=Audio stereo codec with Headphone Amp (WM8994ECS/R), n=1
2020-12-02 23:27:18,266 [WARN] DbBoardsPdsc:255 - Board STM32H7B3I-EVAL: unknown feature type=Audio, name=, username=Multi-Channel Audio Codec (CS42L51-CNZ), n=1
2020-12-02 23:27:18,266 [WARN] DbBoardsPdsc:255 - Board STM32H7B3I-EVAL: unknown feature type=Meter, name=, username=Power-metering and Temperature-monitoring with sigma-delta modulators, n=1
2020-12-02 23:27:18,266 [WARN] DbBoardsPdsc:255 - Board STM32H7B3I-EVAL: unknown feature type=Motor, name=, username=Motor Control, n=1
2020-12-02 23:27:18,286 [INFO] DbBoardsJson:85 - JSON generation date=Thu Nov 05 17:55:26 AST 2020 (1604588126)
2020-12-02 23:27:18,305 [INFO] DbBoards:118 - Found 158 boards (155 are supported by CubeMX)
2020-12-02 23:27:18,317 [INFO] DbBoardsDocs:145 - JSON generation date=Thu Nov 05 19:05:07 AST 2020 (1604592307)
2020-12-02 23:27:18,357 [INFO] DbBoardsDocs:81 - Found 190 boards documents
2020-12-02 23:27:18,357 [WARN] DbBoards:128 - board B-L462E-CELL1 has no document id list !
2020-12-02 23:27:18,357 [WARN] DbBoards:128 - board B-L475E-IOT01A2 has no document id list !
2020-12-02 23:27:18,357 [WARN] DbBoards:128 - board NUCLEO-G0B1RE has no document id list !
2020-12-02 23:27:18,365 [WARN] DbBoards:128 - board NUCLEO-G491RE has no document id list !
2020-12-02 23:27:18,365 [WARN] DbBoards:128 - board NUCLEO-H743ZI2 has no document id list !
2020-12-02 23:27:18,367 [WARN] DbBoards:128 - board NUCLEO-L4A6ZG has no document id list !
2020-12-02 23:27:18,367 [WARN] DbBoards:128 - board NUCLEO-WB55RG has no document id list !
2020-12-02 23:27:18,367 [WARN] DbBoards:128 - board NUCLEO-WL55JC1 has no document id list !
2020-12-02 23:27:18,367 [WARN] DbBoards:128 - board NUCLEO-WL55JC2 has no document id list !
2020-12-02 23:27:18,367 [WARN] DbBoards:128 - board P-NUCLEO-WB55-Nucleo has no document id list !
2020-12-02 23:27:18,367 [WARN] DbBoards:128 - board P-NUCLEO-WB55-USBDongle has no document id list !
2020-12-02 23:27:18,367 [WARN] DbBoards:128 - board STEVAL-BFA001V1B has no document id list !
2020-12-02 23:27:18,367 [WARN] DbBoards:128 - board STEVAL-BFA001V2B has no document id list !
2020-12-02 23:27:18,367 [WARN] DbBoards:128 - board STEVAL-IDP005V1 has no document id list !
2020-12-02 23:27:18,367 [WARN] DbBoards:128 - board STEVAL-IDP005V2 has no document id list !
2020-12-02 23:27:18,367 [WARN] DbBoards:128 - board STEVAL-MKSBOX1V1 has no document id list !
2020-12-02 23:27:18,367 [WARN] DbBoards:128 - board STEVAL-STWINKT1 has no document id list !
2020-12-02 23:27:18,367 [WARN] DbBoards:128 - board STM32F401C-DISCO has no document id list !
2020-12-02 23:27:18,367 [WARN] DbBoards:128 - board STM32F769I-DISC1 has no document id list !
2020-12-02 23:27:18,367 [WARN] DbBoards:128 - board STM32G0C1E-EV has no document id list !
2020-12-02 23:27:18,367 [WARN] DbBoards:128 - board STM32G474E-EVAL1 has no document id list !
2020-12-02 23:27:18,367 [WARN] DbBoards:128 - board STM32H743I-EVAL2 has no document id list !
2020-12-02 23:27:18,367 [WARN] DbBoards:128 - board STM32H747I-DISC1 has no document id list !
2020-12-02 23:27:18,367 [WARN] DbBoards:128 - board STM32H753I-EVAL2 has no document id list !
2020-12-02 23:27:18,367 [WARN] DbBoards:128 - board STM32L-DISCOVERY has no document id list !
2020-12-02 23:27:18,367 [WARN] DbBoards:128 - board STM32MP157A-DK1 has no document id list !
2020-12-02 23:27:18,367 [WARN] DbBoards:128 - board STM32MP157F-DK2 has no document id list !
2020-12-02 23:27:18,367 [WARN] DbBoards:128 - board STM32MP157F-EV1 has no document id list !
2020-12-02 23:27:20,265 [INFO] ApiDb:229 - User favorites file not found: C:\Users\ernoo/.stm32cubeide/favorites.boards.txt
2020-12-02 23:27:20,266 [INFO] DbBoards:207 - Set 0 / 0 favorites Boards
2020-12-02 23:28:34,480 [INFO] DbMcusDocs:145 - JSON generation date=Thu Nov 05 19:05:07 AST 2020 (1604592307)
2020-12-02 23:28:34,761 [INFO] DbMcusDocs:81 - Found 601 MCUs documents
2020-12-02 23:28:54,835 [INFO] ApiDb:263 - Save user favorites file C:\Users\ernoo/.stm32cubeide/favorites.mcus.txt: 0 item(s)
2020-12-02 23:28:54,835 [INFO] ApiDb:267 - User favorites MCUs=[]
2020-12-03 16:08:17,270 [INFO] Activator:170 - 


2020-12-03 16:08:17,270 [INFO] Activator:171 - !SESSION log4j initialized
2020-12-03 16:10:50,608 [INFO] McuFinderGlobals:40 - Set McuFinder mode to 2 (CubeIDE integrated)
2020-12-03 16:10:50,963 [INFO] ApplicationProperties:181 - Using Application install path: C:\ST\STM32CubeIDE_1.5.0\STM32CubeIDE\plugins\com.st.stm32cube.common.mx_6.1.0.202011121557
2020-12-03 16:10:50,981 [INFO] DbMcusXml:71 - Set database path to: C:\ST\STM32CubeIDE_1.5.0\STM32CubeIDE\plugins\com.st.stm32cube.common.mx_6.1.0.202011121557\\db\/mcu/
2020-12-03 16:10:50,990 [INFO] DbBoardsPdsc:57 - Set plugin database path to: C:\ST\STM32CubeIDE_1.5.0\STM32CubeIDE\plugins\com.st.stm32cube.common.mx_6.1.0.202011121557\\db\/plugins/boardmanager/
2020-12-03 16:10:50,993 [INFO] DbMcus:259 - Set plugin images path to: C:\ST\STM32CubeIDE_1.5.0\STM32CubeIDE\plugins\com.st.stm32cube.common.mx_6.1.0.202011121557\\db\/plugins/mcufinder/images/
2020-12-03 16:10:50,993 [INFO] DbBoards:265 - Set plugin images path to: C:\ST\STM32CubeIDE_1.5.0\STM32CubeIDE\plugins\com.st.stm32cube.common.mx_6.1.0.202011121557\\db\/plugins/mcufinder/images/
2020-12-03 16:10:50,998 [INFO] DbExamples:329 - Set plugin images path to: C:\ST\STM32CubeIDE_1.5.0\STM32CubeIDE\plugins\com.st.stm32cube.common.mx_6.1.0.202011121557\\db\/plugins/mcufinder/images/
2020-12-03 16:10:51,012 [INFO] DbMcusDocs:112 - Set database path to: C:\Users\ernoo\.stmcufinder\plugins\mcufinder//mcu/
2020-12-03 16:10:51,017 [INFO] DbMcusJson:63 - Set database path to: C:\Users\ernoo\.stmcufinder\plugins\mcufinder//mcu/
2020-12-03 16:10:51,017 [INFO] DbBoardsDocs:112 - Set database path to: C:\Users\ernoo\.stmcufinder\plugins\mcufinder//mcu/
2020-12-03 16:10:51,017 [INFO] DbBoardsJson:56 - Set database path to: C:\Users\ernoo\.stmcufinder\plugins\mcufinder//mcu/
2020-12-03 16:10:51,032 [INFO] CrossReferenceDbSqlite:196 - Set database path to: C:\Users\ernoo\.stmcufinder\plugins\mcufinder//mcu/cs/
2020-12-03 16:10:51,034 [INFO] DbExamplesSqlite:699 - Set database path to: C:\Users\ernoo\.stmcufinder\plugins\mcufinder//mcu/
2020-12-03 16:10:51,256 [INFO] RulesReader:52 - Compatibility file has been processed (228 Rules)
2020-12-03 16:10:51,485 [INFO] MicroXplorer:565 - Detected Java Version = 1.8.0_272
2020-12-03 16:10:51,486 [INFO] DbMcusXml:71 - Set database path to: C:\ST\STM32CubeIDE_1.5.0\STM32CubeIDE\plugins\com.st.stm32cube.common.mx_6.1.0.202011121557\\db\/mcu/
2020-12-03 16:10:51,488 [INFO] DbBoardsPdsc:57 - Set plugin database path to: C:\ST\STM32CubeIDE_1.5.0\STM32CubeIDE\plugins\com.st.stm32cube.common.mx_6.1.0.202011121557\\db\/plugins/boardmanager/
2020-12-03 16:10:51,488 [INFO] DbMcus:259 - Set plugin images path to: C:\ST\STM32CubeIDE_1.5.0\STM32CubeIDE\plugins\com.st.stm32cube.common.mx_6.1.0.202011121557\\db\/plugins/mcufinder/images/
2020-12-03 16:10:51,489 [INFO] DbBoards:265 - Set plugin images path to: C:\ST\STM32CubeIDE_1.5.0\STM32CubeIDE\plugins\com.st.stm32cube.common.mx_6.1.0.202011121557\\db\/plugins/mcufinder/images/
2020-12-03 16:10:51,489 [INFO] DbExamples:329 - Set plugin images path to: C:\ST\STM32CubeIDE_1.5.0\STM32CubeIDE\plugins\com.st.stm32cube.common.mx_6.1.0.202011121557\\db\/plugins/mcufinder/images/
2020-12-03 16:10:51,489 [WARN] DbFile:36 - Overriding database path with different value: C:\Users\ernoo\.stmcufinder\plugins\mcufinder/ => C:\Users\ernoo\.stmcufinder\plugins\mcufinder
2020-12-03 16:10:51,490 [INFO] DbMcusDocs:112 - Set database path to: C:\Users\ernoo\.stmcufinder\plugins\mcufinder//mcu/
2020-12-03 16:10:51,490 [WARN] DbFile:36 - Overriding database path with different value: C:\Users\ernoo\.stmcufinder\plugins\mcufinder/ => C:\Users\ernoo\.stmcufinder\plugins\mcufinder
2020-12-03 16:10:51,490 [INFO] DbMcusJson:63 - Set database path to: C:\Users\ernoo\.stmcufinder\plugins\mcufinder//mcu/
2020-12-03 16:10:51,490 [WARN] DbFile:36 - Overriding database path with different value: C:\Users\ernoo\.stmcufinder\plugins\mcufinder/ => C:\Users\ernoo\.stmcufinder\plugins\mcufinder
2020-12-03 16:10:51,491 [INFO] DbBoardsDocs:112 - Set database path to: C:\Users\ernoo\.stmcufinder\plugins\mcufinder//mcu/
2020-12-03 16:10:51,492 [WARN] DbFile:36 - Overriding database path with different value: C:\Users\ernoo\.stmcufinder\plugins\mcufinder/ => C:\Users\ernoo\.stmcufinder\plugins\mcufinder
2020-12-03 16:10:51,492 [INFO] DbBoardsJson:56 - Set database path to: C:\Users\ernoo\.stmcufinder\plugins\mcufinder//mcu/
2020-12-03 16:10:51,492 [WARN] DbFile:36 - Overriding database path with different value: C:\Users\ernoo\.stmcufinder\plugins\mcufinder/ => C:\Users\ernoo\.stmcufinder\plugins\mcufinder
2020-12-03 16:10:51,492 [WARN] DbFile:36 - Overriding database path with different value: C:\Users\ernoo\.stmcufinder\plugins\mcufinder/ => C:\Users\ernoo\.stmcufinder\plugins\mcufinder
2020-12-03 16:10:51,493 [INFO] CrossReferenceDbSqlite:196 - Set database path to: C:\Users\ernoo\.stmcufinder\plugins\mcufinder//mcu/cs/
2020-12-03 16:10:51,493 [WARN] DbFile:36 - Overriding database path with different value: C:\Users\ernoo\.stmcufinder\plugins\mcufinder/ => C:\Users\ernoo\.stmcufinder\plugins\mcufinder
2020-12-03 16:10:51,494 [INFO] DbExamplesSqlite:699 - Set database path to: C:\Users\ernoo\.stmcufinder\plugins\mcufinder//mcu/
2020-12-03 16:10:51,663 [INFO] MainPanel:190 - HeapMemory: 330301440
2020-12-03 16:10:51,795 [INFO] DbMcusXml:71 - Set database path to: C:\ST\STM32CubeIDE_1.5.0\STM32CubeIDE\plugins\com.st.stm32cube.common.mx_6.1.0.202011121557\\db\/mcu/
2020-12-03 16:10:51,795 [INFO] DbBoardsPdsc:57 - Set plugin database path to: C:\ST\STM32CubeIDE_1.5.0\STM32CubeIDE\plugins\com.st.stm32cube.common.mx_6.1.0.202011121557\\db\/plugins/boardmanager/
2020-12-03 16:10:51,796 [INFO] DbMcus:259 - Set plugin images path to: C:\ST\STM32CubeIDE_1.5.0\STM32CubeIDE\plugins\com.st.stm32cube.common.mx_6.1.0.202011121557\\db\/plugins/mcufinder/images/
2020-12-03 16:10:51,796 [INFO] DbBoards:265 - Set plugin images path to: C:\ST\STM32CubeIDE_1.5.0\STM32CubeIDE\plugins\com.st.stm32cube.common.mx_6.1.0.202011121557\\db\/plugins/mcufinder/images/
2020-12-03 16:10:51,796 [INFO] DbExamples:329 - Set plugin images path to: C:\ST\STM32CubeIDE_1.5.0\STM32CubeIDE\plugins\com.st.stm32cube.common.mx_6.1.0.202011121557\\db\/plugins/mcufinder/images/
2020-12-03 16:10:51,797 [WARN] DbFile:36 - Overriding database path with different value: C:\Users\ernoo\.stmcufinder\plugins\mcufinder/ => C:\Users\ernoo\.stmcufinder\plugins\mcufinder
2020-12-03 16:10:51,797 [INFO] DbMcusDocs:112 - Set database path to: C:\Users\ernoo\.stmcufinder\plugins\mcufinder//mcu/
2020-12-03 16:10:51,797 [WARN] DbFile:36 - Overriding database path with different value: C:\Users\ernoo\.stmcufinder\plugins\mcufinder/ => C:\Users\ernoo\.stmcufinder\plugins\mcufinder
2020-12-03 16:10:51,798 [INFO] DbMcusJson:63 - Set database path to: C:\Users\ernoo\.stmcufinder\plugins\mcufinder//mcu/
2020-12-03 16:10:51,798 [WARN] DbFile:36 - Overriding database path with different value: C:\Users\ernoo\.stmcufinder\plugins\mcufinder/ => C:\Users\ernoo\.stmcufinder\plugins\mcufinder
2020-12-03 16:10:51,798 [INFO] DbBoardsDocs:112 - Set database path to: C:\Users\ernoo\.stmcufinder\plugins\mcufinder//mcu/
2020-12-03 16:10:51,798 [WARN] DbFile:36 - Overriding database path with different value: C:\Users\ernoo\.stmcufinder\plugins\mcufinder/ => C:\Users\ernoo\.stmcufinder\plugins\mcufinder
2020-12-03 16:10:51,799 [INFO] DbBoardsJson:56 - Set database path to: C:\Users\ernoo\.stmcufinder\plugins\mcufinder//mcu/
2020-12-03 16:10:51,799 [WARN] DbFile:36 - Overriding database path with different value: C:\Users\ernoo\.stmcufinder\plugins\mcufinder/ => C:\Users\ernoo\.stmcufinder\plugins\mcufinder
2020-12-03 16:10:51,799 [WARN] DbFile:36 - Overriding database path with different value: C:\Users\ernoo\.stmcufinder\plugins\mcufinder/ => C:\Users\ernoo\.stmcufinder\plugins\mcufinder
2020-12-03 16:10:51,799 [INFO] CrossReferenceDbSqlite:196 - Set database path to: C:\Users\ernoo\.stmcufinder\plugins\mcufinder//mcu/cs/
2020-12-03 16:10:51,799 [WARN] DbFile:36 - Overriding database path with different value: C:\Users\ernoo\.stmcufinder\plugins\mcufinder/ => C:\Users\ernoo\.stmcufinder\plugins\mcufinder
2020-12-03 16:10:51,800 [INFO] DbExamplesSqlite:699 - Set database path to: C:\Users\ernoo\.stmcufinder\plugins\mcufinder//mcu/
2020-12-03 16:10:51,829 [INFO] ApplicationProperties:181 - Using Application install path: C:\ST\STM32CubeIDE_1.5.0\STM32CubeIDE\plugins\com.st.stm32cube.common.mx_6.1.0.202011121557
2020-12-03 16:10:51,836 [INFO] PluginManage:178 - Search for loadable plugins [exclusion list=, ]
2020-12-03 16:10:51,836 [INFO] PluginManage:292 - Check plugin analytics
2020-12-03 16:10:56,793 [INFO] AnalyticsPlugin:225 - Accepted Software Licenses: 
2020-12-03 16:10:56,793 [INFO] AnalyticsPlugin:227 - Accepted CMSIS Pack Licenses: 
2020-12-03 16:10:56,794 [INFO] AnalyticsPlugin:229 - Accepted Firmware Licenses: 
2020-12-03 16:10:56,794 [INFO] PluginManage:342 - Loaded plugin analytics (category:tool,tabindex:-1)
2020-12-03 16:10:56,795 [INFO] PluginManage:292 - Check plugin clock
2020-12-03 16:10:56,859 [INFO] PluginManage:342 - Loaded plugin clock (category:base,tabindex:2)
2020-12-03 16:10:56,859 [INFO] PluginManage:292 - Check plugin ddr
2020-12-03 16:10:56,859 [INFO] PluginManage:342 - Loaded plugin ddr (category:tool,tabindex:6)
2020-12-03 16:10:56,859 [INFO] PluginManage:292 - Check plugin filemanager
2020-12-03 16:10:57,035 [INFO] PluginManage:342 - Loaded plugin filemanager (category:base,tabindex:10)
2020-12-03 16:10:57,035 [INFO] PluginManage:292 - Check plugin ipmanager
2020-12-03 16:10:57,063 [INFO] PluginManage:342 - Loaded plugin ipmanager (category:base,tabindex:5)
2020-12-03 16:10:57,063 [INFO] PluginManage:292 - Check plugin pinoutandconfiguration
2020-12-03 16:10:57,079 [INFO] PluginManage:342 - Loaded plugin pinoutandconfiguration (category:base,tabindex:1)
2020-12-03 16:10:57,079 [INFO] PluginManage:292 - Check plugin pinoutconfig
2020-12-03 16:10:57,135 [INFO] PluginManage:342 - Loaded plugin pinoutconfig (category:base,tabindex:0)
2020-12-03 16:10:57,135 [INFO] PluginManage:292 - Check plugin power
2020-12-03 16:10:57,151 [INFO] PluginManage:342 - Loaded plugin power (category:power,tabindex:4)
2020-12-03 16:10:57,151 [INFO] PluginManage:292 - Check plugin projectmanager
2020-12-03 16:10:57,191 [INFO] PluginManage:342 - Loaded plugin projectmanager (category:projectmanager,tabindex:3)
2020-12-03 16:10:57,192 [INFO] PluginManage:292 - Check plugin thirdparty
2020-12-03 16:10:57,473 [INFO] PluginManage:342 - Loaded plugin thirdparty (category:base,tabindex:-1)
2020-12-03 16:10:57,473 [INFO] PluginManage:292 - Check plugin tools
2020-12-03 16:10:57,474 [WARN] IntegrityCheckThread:59 - waiting for thirdparty lock release [integrity check]
2020-12-03 16:10:57,474 [INFO] IntegrityCheckThread:61 - entering critical section [integrity check]
2020-12-03 16:10:57,475 [INFO] ThirdPartyUpdaterWithRetryManager:56 - Updater plugin not ready yet. [1/15]
2020-12-03 16:10:57,542 [INFO] PluginManage:342 - Loaded plugin tools (category:base,tabindex:7)
2020-12-03 16:10:57,542 [INFO] PluginManage:292 - Check plugin tutovideos
2020-12-03 16:10:57,898 [INFO] PluginManage:342 - Loaded plugin tutovideos (category:base,tabindex:-1)
2020-12-03 16:10:57,899 [INFO] PluginManage:292 - Check plugin updater
2020-12-03 16:10:57,918 [INFO] PluginManage:342 - Loaded plugin updater (category:base,tabindex:12)
2020-12-03 16:10:57,920 [INFO] PluginManage:265 - PluginManage : Loaded plugins [13]
2020-12-03 16:10:58,384 [INFO] PinOutPanel:1434 - setPackage(No Configuration,No Configuration)
2020-12-03 16:10:58,700 [INFO] IPUIPlugin:64 - create IPUIPlugin
2020-12-03 16:10:58,700 [INFO] PluginManager:203 - loadIPPluginJar : add adc
2020-12-03 16:10:58,758 [INFO] IPUIPlugin:64 - create IPUIPlugin
2020-12-03 16:10:58,773 [INFO] PluginManager:203 - loadIPPluginJar : add aes
2020-12-03 16:10:58,865 [INFO] IPUIPlugin:64 - create IPUIPlugin
2020-12-03 16:10:58,866 [INFO] PluginManager:203 - loadIPPluginJar : add can
2020-12-03 16:10:58,913 [INFO] IPUIPlugin:64 - create IPUIPlugin
2020-12-03 16:10:58,913 [INFO] PluginManager:203 - loadIPPluginJar : add comp
2020-12-03 16:10:58,987 [INFO] IPUIPlugin:64 - create IPUIPlugin
2020-12-03 16:10:58,988 [INFO] PluginManager:203 - loadIPPluginJar : add cryp
2020-12-03 16:10:59,054 [INFO] IPUIPlugin:64 - create IPUIPlugin
2020-12-03 16:10:59,054 [INFO] PluginManager:203 - loadIPPluginJar : add dfsdm
2020-12-03 16:10:59,079 [INFO] IPUIPlugin:64 - create IPUIPlugin
2020-12-03 16:10:59,079 [INFO] PluginManager:203 - loadIPPluginJar : add dma
2020-12-03 16:10:59,129 [INFO] IPUIPlugin:64 - create IPUIPlugin
2020-12-03 16:10:59,129 [INFO] PluginManager:203 - loadIPPluginJar : add fatfs
2020-12-03 16:10:59,232 [INFO] IPUIPlugin:64 - create IPUIPlugin
2020-12-03 16:10:59,232 [INFO] PluginManager:203 - loadIPPluginJar : add fmc
2020-12-03 16:10:59,260 [INFO] IPUIPlugin:64 - create IPUIPlugin
2020-12-03 16:10:59,260 [INFO] PluginManager:203 - loadIPPluginJar : add freertos
2020-12-03 16:10:59,309 [INFO] IPUIPlugin:64 - create IPUIPlugin
2020-12-03 16:10:59,313 [INFO] PluginManager:203 - loadIPPluginJar : add genericplugin
2020-12-03 16:10:59,473 [INFO] IPUIPlugin:64 - create IPUIPlugin
2020-12-03 16:10:59,473 [INFO] PluginManager:203 - loadIPPluginJar : add gfxmmu
2020-12-03 16:10:59,709 [INFO] IPUIPlugin:64 - create IPUIPlugin
2020-12-03 16:10:59,709 [INFO] PluginManager:203 - loadIPPluginJar : add gic
2020-12-03 16:10:59,744 [INFO] IPUIPlugin:64 - create IPUIPlugin
2020-12-03 16:10:59,745 [INFO] PluginManager:203 - loadIPPluginJar : add gpio
2020-12-03 16:10:59,882 [INFO] IPUIPlugin:64 - create IPUIPlugin
2020-12-03 16:10:59,883 [INFO] PluginManager:203 - loadIPPluginJar : add gtzc
2020-12-03 16:10:59,939 [INFO] IPUIPlugin:64 - create IPUIPlugin
2020-12-03 16:10:59,939 [INFO] PluginManager:203 - loadIPPluginJar : add hash
2020-12-03 16:11:00,050 [INFO] IPUIPlugin:64 - create IPUIPlugin
2020-12-03 16:11:00,050 [INFO] PluginManager:203 - loadIPPluginJar : add i2c
2020-12-03 16:11:00,133 [INFO] IPUIPlugin:64 - create IPUIPlugin
2020-12-03 16:11:00,133 [INFO] PluginManager:203 - loadIPPluginJar : add i2s
2020-12-03 16:11:00,161 [INFO] IPUIPlugin:64 - create IPUIPlugin
2020-12-03 16:11:00,162 [INFO] PluginManager:203 - loadIPPluginJar : add ipddr
2020-12-03 16:11:00,225 [INFO] IPUIPlugin:64 - create IPUIPlugin
2020-12-03 16:11:00,225 [INFO] PluginManager:203 - loadIPPluginJar : add lorawan
2020-12-03 16:11:00,304 [INFO] IPUIPlugin:64 - create IPUIPlugin
2020-12-03 16:11:00,305 [INFO] PluginManager:203 - loadIPPluginJar : add ltdc
2020-12-03 16:11:00,326 [INFO] IPUIPlugin:64 - create IPUIPlugin
2020-12-03 16:11:00,326 [INFO] PluginManager:203 - loadIPPluginJar : add mdma
2020-12-03 16:11:00,348 [INFO] IPUIPlugin:64 - create IPUIPlugin
2020-12-03 16:11:00,349 [INFO] PluginManager:203 - loadIPPluginJar : add nvic
2020-12-03 16:11:00,416 [INFO] IPUIPlugin:64 - create IPUIPlugin
2020-12-03 16:11:00,416 [INFO] PluginManager:203 - loadIPPluginJar : add opamp
2020-12-03 16:11:00,476 [INFO] ThirdPartyUpdaterWithRetryManager:56 - Updater plugin not ready yet. [2/15]
2020-12-03 16:11:00,534 [INFO] IPUIPlugin:64 - create IPUIPlugin
2020-12-03 16:11:00,534 [INFO] PluginManager:203 - loadIPPluginJar : add openamp
2020-12-03 16:11:00,608 [INFO] IPUIPlugin:64 - create IPUIPlugin
2020-12-03 16:11:00,608 [INFO] PluginManager:203 - loadIPPluginJar : add pdm2pcm
2020-12-03 16:11:00,647 [INFO] IPUIPlugin:64 - create IPUIPlugin
2020-12-03 16:11:00,647 [INFO] PluginManager:203 - loadIPPluginJar : add plateformsettings
2020-12-03 16:11:00,706 [INFO] IPUIPlugin:64 - create IPUIPlugin
2020-12-03 16:11:00,706 [INFO] PluginManager:203 - loadIPPluginJar : add quadspi
2020-12-03 16:11:00,732 [INFO] IPUIPlugin:64 - create IPUIPlugin
2020-12-03 16:11:00,733 [INFO] PluginManager:203 - loadIPPluginJar : add resmgrutility
2020-12-03 16:11:00,847 [INFO] IPUIPlugin:64 - create IPUIPlugin
2020-12-03 16:11:00,847 [INFO] PluginManager:203 - loadIPPluginJar : add sai
2020-12-03 16:11:00,933 [INFO] IPUIPlugin:64 - create IPUIPlugin
2020-12-03 16:11:00,933 [INFO] PluginManager:203 - loadIPPluginJar : add spi
2020-12-03 16:11:01,021 [INFO] IPUIPlugin:64 - create IPUIPlugin
2020-12-03 16:11:01,021 [INFO] PluginManager:203 - loadIPPluginJar : add stm32_wpan
2020-12-03 16:11:01,079 [INFO] IPUIPlugin:64 - create IPUIPlugin
2020-12-03 16:11:01,079 [INFO] PluginManager:203 - loadIPPluginJar : add tim
2020-12-03 16:11:01,201 [INFO] IPUIPlugin:64 - create IPUIPlugin
2020-12-03 16:11:01,201 [INFO] PluginManager:203 - loadIPPluginJar : add touchsensing
2020-12-03 16:11:01,251 [INFO] IPUIPlugin:64 - create IPUIPlugin
2020-12-03 16:11:01,251 [INFO] PluginManager:203 - loadIPPluginJar : add tracer_emb
2020-12-03 16:11:01,297 [INFO] IPUIPlugin:64 - create IPUIPlugin
2020-12-03 16:11:01,297 [INFO] PluginManager:203 - loadIPPluginJar : add ts
2020-12-03 16:11:01,354 [INFO] IPUIPlugin:64 - create IPUIPlugin
2020-12-03 16:11:01,356 [INFO] PluginManager:203 - loadIPPluginJar : add tsc
2020-12-03 16:11:01,405 [INFO] IPUIPlugin:64 - create IPUIPlugin
2020-12-03 16:11:01,405 [INFO] PluginManager:203 - loadIPPluginJar : add ucpd
2020-12-03 16:11:01,489 [INFO] IPUIPlugin:64 - create IPUIPlugin
2020-12-03 16:11:01,489 [INFO] PluginManager:203 - loadIPPluginJar : add usart
2020-12-03 16:11:02,053 [FATAL] Updater:284 - Updater called before beeing initialized
2020-12-03 16:11:02,341 [FATAL] Updater:284 - Updater called before beeing initialized
2020-12-03 16:11:02,527 [WARN] DetailPanel:347 - Failed to get advertising image, set to default
2020-12-03 16:11:02,533 [FATAL] Updater:284 - Updater called before beeing initialized
2020-12-03 16:11:02,533 [WARN] DetailPanel:347 - Failed to get advertising image, set to default
2020-12-03 16:11:02,734 [FATAL] Updater:284 - Updater called before beeing initialized
2020-12-03 16:11:02,734 [WARN] ThirdParty:783 - waiting for thirdparty lock release [close project]
2020-12-03 16:11:03,476 [INFO] ThirdPartyUpdaterWithRetryManager:56 - Updater plugin not ready yet. [3/15]
2020-12-03 16:11:06,477 [FATAL] Updater:284 - Updater called before beeing initialized
2020-12-03 16:11:06,477 [ERROR] AbstractThirdPartyUpdaterManager:153 - java.lang.Integer cannot be cast to java.util.List
2020-12-03 16:11:06,478 [INFO] ThirdParty:887 - Integrity check success = false
2020-12-03 16:11:06,478 [INFO] IntegrityCheckThread:75 - exiting critical section [integrity check]
2020-12-03 16:11:06,478 [INFO] IntegrityCheckThread:78 - End integrity checks thread
2020-12-03 16:11:06,478 [INFO] ThirdParty:785 - entering critical section [close project]
2020-12-03 16:11:06,480 [INFO] ThirdParty:796 - exiting critical section [close project]
2020-12-03 16:11:06,486 [INFO] PinOutPanel:1434 - setPackage(No Configuration,No Configuration)
2020-12-03 16:11:06,487 [FATAL] Updater:284 - Updater called before beeing initialized
2020-12-03 16:11:06,508 [ERROR] Updater:1065 - MainUpdater not yet initialized. External WinMGr cannot be set.
2020-12-03 16:11:06,526 [INFO] Updater:1002 - Updater Version found : 6.1.0
2020-12-03 16:11:06,565 [INFO] ApplicationProperties:181 - Using Application install path: C:\ST\STM32CubeIDE_1.5.0\STM32CubeIDE\plugins\com.st.stm32cube.common.mx_6.1.0.202011121557
2020-12-03 16:11:07,409 [INFO] MainUpdater:2644 - connection check result : 10
2020-12-03 16:11:07,409 [INFO] MainUpdater:249 - Updater Check For Update Now.
2020-12-03 16:11:07,409 [INFO] MicroXplorer:415 - Change Database Version : DB.6.0.10
2020-12-03 16:11:07,509 [INFO] CheckServerUpdateThread:102 - End of CheckServer Thread
2020-12-03 16:11:07,585 [INFO] MainUpdater:2644 - connection check result : 10
2020-12-03 16:11:08,826 [INFO] CrossSelectorPresenter:1330 - Cross Selector saved comparison directory: C:\Users\ernoo\.stmcufinder\plugins\mcufinder\mcu\cs_comparisons_mx
2020-12-03 16:11:08,840 [INFO] MultiScanPanel:198 - Auto-refresh data requested => check proxy status ongoing
2020-12-03 16:11:08,846 [INFO] FinderPluginLoader:87 - Searching for filters in installed packs
2020-12-03 16:11:08,848 [INFO] DbMcusXml:97 - Load MCU database from C:\ST\STM32CubeIDE_1.5.0\STM32CubeIDE\plugins\com.st.stm32cube.common.mx_6.1.0.202011121557\\db\/mcu/families.xml
2020-12-03 16:11:10,698 [INFO] DbMcusJson:92 - JSON generation date=Thu Nov 05 19:05:07 AST 2020 (1604592307)
2020-12-03 16:11:12,519 [INFO] DbMcus:176 - Found 1835 MCUs (1796 are supported by CubeMX, 1796 are visible in CubeMX)
2020-12-03 16:11:12,521 [INFO] ApiDb:238 - Load user favorites file C:\Users\ernoo/.stm32cubeide/favorites.mcus.txt: 0 item(s)
2020-12-03 16:11:12,522 [INFO] ApiDb:242 - User favorites MCUs=[]
2020-12-03 16:11:12,523 [INFO] DbMcus:188 - Set 0 / 0 favorites MCUs
2020-12-03 16:11:13,674 [WARN] DetailPanel:347 - Failed to get advertising image, set to default
2020-12-03 16:11:14,362 [INFO] McuFilterPanel:245 - Update 0 favorites MCUs
2020-12-03 16:11:14,556 [INFO] DbBoardsPdsc:91 - Found 24 items
2020-12-03 16:11:14,584 [INFO] DbBoardsPdsc:91 - Found 9 items
2020-12-03 16:11:14,635 [INFO] DbBoardsPdsc:91 - Found 32 items
2020-12-03 16:11:14,657 [INFO] DbBoardsPdsc:91 - Found 1 items
2020-12-03 16:11:14,680 [INFO] DbBoardsPdsc:91 - Found 45 items
2020-12-03 16:11:14,731 [INFO] DbBoardsPdsc:91 - Found 41 items
2020-12-03 16:11:14,746 [INFO] DbBoardsPdsc:91 - Found 2 items
2020-12-03 16:11:14,760 [INFO] DbBoardsPdsc:91 - Found 4 items
2020-12-03 16:11:14,780 [WARN] DbBoardsPdsc:255 - Board STM32H7B3I-DK: unknown feature type=Audio, name=, username=Audio stereo codec with Headphone Amp (CS42L51-CNZ), n=1
2020-12-03 16:11:14,780 [WARN] DbBoardsPdsc:255 - Board STM32H735G-DK: unknown feature type=Audio, name=, username=Audio stereo codec with Headphone Amp (WM8994ECS/R), n=1
2020-12-03 16:11:14,780 [WARN] DbBoardsPdsc:255 - Board STM32H7B3I-EVAL: unknown feature type=Audio, name=, username=Multi-Channel Audio Codec (CS42L51-CNZ), n=1
2020-12-03 16:11:14,780 [WARN] DbBoardsPdsc:255 - Board STM32H7B3I-EVAL: unknown feature type=Meter, name=, username=Power-metering and Temperature-monitoring with sigma-delta modulators, n=1
2020-12-03 16:11:14,780 [WARN] DbBoardsPdsc:255 - Board STM32H7B3I-EVAL: unknown feature type=Motor, name=, username=Motor Control, n=1
2020-12-03 16:11:14,820 [INFO] DbBoardsJson:85 - JSON generation date=Thu Nov 05 17:55:26 AST 2020 (1604588126)
2020-12-03 16:11:14,843 [INFO] DbBoards:118 - Found 158 boards (155 are supported by CubeMX)
2020-12-03 16:11:14,864 [INFO] DbBoardsDocs:145 - JSON generation date=Thu Nov 05 19:05:07 AST 2020 (1604592307)
2020-12-03 16:11:14,940 [INFO] DbBoardsDocs:81 - Found 190 boards documents
2020-12-03 16:11:14,941 [WARN] DbBoards:128 - board B-L462E-CELL1 has no document id list !
2020-12-03 16:11:14,941 [WARN] DbBoards:128 - board B-L475E-IOT01A2 has no document id list !
2020-12-03 16:11:14,944 [WARN] DbBoards:128 - board NUCLEO-G0B1RE has no document id list !
2020-12-03 16:11:14,944 [WARN] DbBoards:128 - board NUCLEO-G491RE has no document id list !
2020-12-03 16:11:14,945 [WARN] DbBoards:128 - board NUCLEO-H743ZI2 has no document id list !
2020-12-03 16:11:14,947 [WARN] DbBoards:128 - board NUCLEO-L4A6ZG has no document id list !
2020-12-03 16:11:14,947 [WARN] DbBoards:128 - board NUCLEO-WB55RG has no document id list !
2020-12-03 16:11:14,947 [WARN] DbBoards:128 - board NUCLEO-WL55JC1 has no document id list !
2020-12-03 16:11:14,948 [WARN] DbBoards:128 - board NUCLEO-WL55JC2 has no document id list !
2020-12-03 16:11:14,948 [WARN] DbBoards:128 - board P-NUCLEO-WB55-Nucleo has no document id list !
2020-12-03 16:11:14,949 [WARN] DbBoards:128 - board P-NUCLEO-WB55-USBDongle has no document id list !
2020-12-03 16:11:14,949 [WARN] DbBoards:128 - board STEVAL-BFA001V1B has no document id list !
2020-12-03 16:11:14,949 [WARN] DbBoards:128 - board STEVAL-BFA001V2B has no document id list !
2020-12-03 16:11:14,949 [WARN] DbBoards:128 - board STEVAL-IDP005V1 has no document id list !
2020-12-03 16:11:14,949 [WARN] DbBoards:128 - board STEVAL-IDP005V2 has no document id list !
2020-12-03 16:11:14,950 [WARN] DbBoards:128 - board STEVAL-MKSBOX1V1 has no document id list !
2020-12-03 16:11:14,950 [WARN] DbBoards:128 - board STEVAL-STWINKT1 has no document id list !
2020-12-03 16:11:14,951 [WARN] DbBoards:128 - board STM32F401C-DISCO has no document id list !
2020-12-03 16:11:14,953 [WARN] DbBoards:128 - board STM32F769I-DISC1 has no document id list !
2020-12-03 16:11:14,953 [WARN] DbBoards:128 - board STM32G0C1E-EV has no document id list !
2020-12-03 16:11:14,955 [WARN] DbBoards:128 - board STM32G474E-EVAL1 has no document id list !
2020-12-03 16:11:14,955 [WARN] DbBoards:128 - board STM32H743I-EVAL2 has no document id list !
2020-12-03 16:11:14,956 [WARN] DbBoards:128 - board STM32H747I-DISC1 has no document id list !
2020-12-03 16:11:14,956 [WARN] DbBoards:128 - board STM32H753I-EVAL2 has no document id list !
2020-12-03 16:11:14,956 [WARN] DbBoards:128 - board STM32L-DISCOVERY has no document id list !
2020-12-03 16:11:14,958 [WARN] DbBoards:128 - board STM32MP157A-DK1 has no document id list !
2020-12-03 16:11:14,958 [WARN] DbBoards:128 - board STM32MP157F-DK2 has no document id list !
2020-12-03 16:11:14,959 [WARN] DbBoards:128 - board STM32MP157F-EV1 has no document id list !
2020-12-03 16:11:19,142 [INFO] ApiDb:229 - User favorites file not found: C:\Users\ernoo/.stm32cubeide/favorites.boards.txt
2020-12-03 16:11:19,142 [INFO] DbBoards:207 - Set 0 / 0 favorites Boards
2020-12-03 16:11:45,675 [INFO] DbMcusDocs:145 - JSON generation date=Thu Nov 05 19:05:07 AST 2020 (1604592307)
2020-12-03 16:11:45,904 [INFO] DbMcusDocs:81 - Found 601 MCUs documents
2020-12-03 16:11:57,188 [ERROR] McuDetailPanel:618 - No block diagram available for MCU STM32F401RETx
2020-12-03 16:11:57,188 [INFO] McuAction:178 - Block Diagram
2020-12-03 16:11:59,795 [INFO] McuAction:73 - Docs & Resources
2020-12-03 16:12:09,907 [INFO] GuiUtils:222 - Cannot open the file :C:/Users/ernoo/STM32Cube/Repository/\/DS10086.pdf using Desktop.
2020-12-03 16:13:52,601 [INFO] ApiDb:263 - Save user favorites file C:\Users\ernoo/.stm32cubeide/favorites.mcus.txt: 0 item(s)
2020-12-03 16:13:52,602 [INFO] ApiDb:267 - User favorites MCUs=[]
2020-12-03 16:22:36,463 [INFO] MainUpdater:2644 - connection check result : 10
2020-12-03 16:22:37,211 [INFO] ServerAccessManage:348 - Download File mcusDocs.json._tmp_
2020-12-03 16:22:37,356 [INFO] LoadUrlFilesThread:135 - End of LoadUrlFiles Thread
2020-12-03 16:22:37,648 [INFO] ServerAccessManage:348 - Download File mcusFeaturesAndDescription.json._tmp_
2020-12-03 16:22:41,896 [INFO] LoadUrlFilesThread:135 - End of LoadUrlFiles Thread
2020-12-03 16:22:42,195 [INFO] ServerAccessManage:348 - Download File boardsDocs.json._tmp_
2020-12-03 16:22:42,375 [INFO] LoadUrlFilesThread:135 - End of LoadUrlFiles Thread
2020-12-03 16:22:42,649 [INFO] ServerAccessManage:348 - Download File boards.json._tmp_
2020-12-03 16:22:42,930 [INFO] LoadUrlFilesThread:135 - End of LoadUrlFiles Thread
2020-12-03 16:22:43,626 [INFO] ServerAccessManage:348 - Download File cube-finder-db.zip
2020-12-03 16:22:54,946 [INFO] FileExtend:225 - Unzip File : cube-finder-db.zip
2020-12-03 16:22:54,946 [INFO] FileExtend:240 - Standard Zip Deflate
2020-12-03 16:22:55,240 [INFO] LoadUrlFilesThread:135 - End of LoadUrlFiles Thread
2020-12-03 16:22:55,838 [INFO] ServerAccessManage:348 - Download File crdb.zip
2020-12-03 16:22:56,421 [INFO] FileExtend:225 - Unzip File : crdb.zip
2020-12-03 16:22:56,422 [INFO] FileExtend:240 - Standard Zip Deflate
2020-12-03 16:22:56,460 [INFO] LoadUrlFilesThread:135 - End of LoadUrlFiles Thread
2020-12-03 16:22:56,818 [INFO] ServerAccessManage:348 - Download File tutoVideoDB.zip
2020-12-03 16:22:57,258 [INFO] FileExtend:225 - Unzip File : tutoVideoDB.zip
2020-12-03 16:22:57,258 [INFO] FileExtend:240 - Standard Zip Deflate
2020-12-03 16:22:57,291 [INFO] LoadUrlFilesThread:135 - End of LoadUrlFiles Thread
2020-12-03 16:22:57,295 [INFO] DbMcusDocs:145 - JSON generation date=Thu Nov 05 19:05:07 AST 2020 (1604592307)
2020-12-03 16:22:57,353 [INFO] DbMcusDocs:81 - Found 601 MCUs documents
2020-12-03 16:22:57,365 [INFO] ApiDb:263 - Save user favorites file C:\Users\ernoo/.stm32cubeide/favorites.mcus.txt: 0 item(s)
2020-12-03 16:22:57,365 [INFO] ApiDb:267 - User favorites MCUs=[]
2020-12-03 16:22:57,365 [INFO] DbMcusXml:97 - Load MCU database from C:\ST\STM32CubeIDE_1.5.0\STM32CubeIDE\plugins\com.st.stm32cube.common.mx_6.1.0.202011121557\\db\/mcu/families.xml
2020-12-03 16:22:57,781 [INFO] DbMcusJson:92 - JSON generation date=Thu Nov 05 19:05:07 AST 2020 (1604592307)
2020-12-03 16:22:58,215 [INFO] DbMcus:176 - Found 1835 MCUs (1796 are supported by CubeMX, 1796 are visible in CubeMX)
2020-12-03 16:22:58,215 [INFO] ApiDb:238 - Load user favorites file C:\Users\ernoo/.stm32cubeide/favorites.mcus.txt: 0 item(s)
2020-12-03 16:22:58,215 [INFO] ApiDb:242 - User favorites MCUs=[]
2020-12-03 16:22:58,215 [INFO] DbMcus:188 - Set 0 / 0 favorites MCUs
2020-12-03 16:22:58,231 [INFO] DbBoardsDocs:145 - JSON generation date=Thu Nov 05 19:05:07 AST 2020 (1604592307)
2020-12-03 16:22:58,247 [INFO] DbBoardsDocs:81 - Found 190 boards documents
2020-12-03 16:22:58,271 [INFO] ApiDb:263 - Save user favorites file C:\Users\ernoo/.stm32cubeide/favorites.boards.txt: 0 item(s)
2020-12-03 16:22:58,271 [INFO] ApiDb:267 - User favorites Boards=[]
2020-12-03 16:22:58,271 [INFO] DbBoardsPdsc:91 - Found 24 items
2020-12-03 16:22:58,286 [INFO] DbBoardsPdsc:91 - Found 9 items
2020-12-03 16:22:58,286 [INFO] DbBoardsPdsc:91 - Found 32 items
2020-12-03 16:22:58,302 [INFO] DbBoardsPdsc:91 - Found 1 items
2020-12-03 16:22:58,302 [INFO] DbBoardsPdsc:91 - Found 45 items
2020-12-03 16:22:58,333 [INFO] DbBoardsPdsc:91 - Found 41 items
2020-12-03 16:22:58,349 [INFO] DbBoardsPdsc:91 - Found 2 items
2020-12-03 16:22:58,349 [INFO] DbBoardsPdsc:91 - Found 4 items
2020-12-03 16:22:58,349 [WARN] DbBoardsPdsc:255 - Board STM32H7B3I-DK: unknown feature type=Audio, name=, username=Audio stereo codec with Headphone Amp (CS42L51-CNZ), n=1
2020-12-03 16:22:58,349 [WARN] DbBoardsPdsc:255 - Board STM32H735G-DK: unknown feature type=Audio, name=, username=Audio stereo codec with Headphone Amp (WM8994ECS/R), n=1
2020-12-03 16:22:58,349 [WARN] DbBoardsPdsc:255 - Board STM32H7B3I-EVAL: unknown feature type=Audio, name=, username=Multi-Channel Audio Codec (CS42L51-CNZ), n=1
2020-12-03 16:22:58,349 [WARN] DbBoardsPdsc:255 - Board STM32H7B3I-EVAL: unknown feature type=Meter, name=, username=Power-metering and Temperature-monitoring with sigma-delta modulators, n=1
2020-12-03 16:22:58,349 [WARN] DbBoardsPdsc:255 - Board STM32H7B3I-EVAL: unknown feature type=Motor, name=, username=Motor Control, n=1
2020-12-03 16:22:58,364 [INFO] DbBoardsJson:85 - JSON generation date=Thu Nov 05 17:55:26 AST 2020 (1604588126)
2020-12-03 16:22:58,367 [INFO] DbBoards:118 - Found 158 boards (155 are supported by CubeMX)
2020-12-03 16:22:58,367 [WARN] DbBoards:128 - board B-L462E-CELL1 has no document id list !
2020-12-03 16:22:58,367 [WARN] DbBoards:128 - board B-L475E-IOT01A2 has no document id list !
2020-12-03 16:22:58,367 [WARN] DbBoards:128 - board NUCLEO-G0B1RE has no document id list !
2020-12-03 16:22:58,367 [WARN] DbBoards:128 - board NUCLEO-G491RE has no document id list !
2020-12-03 16:22:58,367 [WARN] DbBoards:128 - board NUCLEO-H743ZI2 has no document id list !
2020-12-03 16:22:58,367 [WARN] DbBoards:128 - board NUCLEO-L4A6ZG has no document id list !
2020-12-03 16:22:58,367 [WARN] DbBoards:128 - board NUCLEO-WB55RG has no document id list !
2020-12-03 16:22:58,367 [WARN] DbBoards:128 - board NUCLEO-WL55JC1 has no document id list !
2020-12-03 16:22:58,367 [WARN] DbBoards:128 - board NUCLEO-WL55JC2 has no document id list !
2020-12-03 16:22:58,367 [WARN] DbBoards:128 - board P-NUCLEO-WB55-Nucleo has no document id list !
2020-12-03 16:22:58,367 [WARN] DbBoards:128 - board P-NUCLEO-WB55-USBDongle has no document id list !
2020-12-03 16:22:58,367 [WARN] DbBoards:128 - board STEVAL-BFA001V1B has no document id list !
2020-12-03 16:22:58,367 [WARN] DbBoards:128 - board STEVAL-BFA001V2B has no document id list !
2020-12-03 16:22:58,367 [WARN] DbBoards:128 - board STEVAL-IDP005V1 has no document id list !
2020-12-03 16:22:58,367 [WARN] DbBoards:128 - board STEVAL-IDP005V2 has no document id list !
2020-12-03 16:22:58,367 [WARN] DbBoards:128 - board STEVAL-MKSBOX1V1 has no document id list !
2020-12-03 16:22:58,367 [WARN] DbBoards:128 - board STEVAL-STWINKT1 has no document id list !
2020-12-03 16:22:58,367 [WARN] DbBoards:128 - board STM32F401C-DISCO has no document id list !
2020-12-03 16:22:58,367 [WARN] DbBoards:128 - board STM32F769I-DISC1 has no document id list !
2020-12-03 16:22:58,367 [WARN] DbBoards:128 - board STM32G0C1E-EV has no document id list !
2020-12-03 16:22:58,367 [WARN] DbBoards:128 - board STM32G474E-EVAL1 has no document id list !
2020-12-03 16:22:58,367 [WARN] DbBoards:128 - board STM32H743I-EVAL2 has no document id list !
2020-12-03 16:22:58,367 [WARN] DbBoards:128 - board STM32H747I-DISC1 has no document id list !
2020-12-03 16:22:58,367 [WARN] DbBoards:128 - board STM32H753I-EVAL2 has no document id list !
2020-12-03 16:22:58,367 [WARN] DbBoards:128 - board STM32L-DISCOVERY has no document id list !
2020-12-03 16:22:58,367 [WARN] DbBoards:128 - board STM32MP157A-DK1 has no document id list !
2020-12-03 16:22:58,367 [WARN] DbBoards:128 - board STM32MP157F-DK2 has no document id list !
2020-12-03 16:22:58,367 [WARN] DbBoards:128 - board STM32MP157F-EV1 has no document id list !
2020-12-03 16:22:59,005 [INFO] ApiDb:238 - Load user favorites file C:\Users\ernoo/.stm32cubeide/favorites.boards.txt: 0 item(s)
2020-12-03 16:22:59,005 [INFO] ApiDb:242 - User favorites Boards=[]
2020-12-03 16:22:59,005 [INFO] DbBoards:207 - Set 0 / 0 favorites Boards
2020-12-03 16:22:59,091 [INFO] ApiDb:466 - Connected to CubeFinder SQLite database (C:\Users\ernoo\.stmcufinder\plugins\mcufinder\mcu\cube-finder-db.db)
2020-12-03 16:22:59,429 [INFO] DbExamplesSqlite:410 - Ignored 24 examples not supported by CubeIDE
2020-12-03 16:22:59,429 [INFO] DbExamplesSqlite:411 - Found 4822 examples active
2020-12-03 16:22:59,429 [INFO] DbExamplesSqlite:412 - Found 130 examples obsolete
2020-12-03 16:22:59,429 [INFO] DbExamplesSqlite:413 - Found 0 examples under development
2020-12-03 16:22:59,430 [INFO] DbExamplesSqlite:414 - Found 71 examples not building
2020-12-03 16:22:59,445 [INFO] DbExamplesSqlite:106 - CubeFinder database Data Model version=2.1
2020-12-03 16:22:59,445 [INFO] DbExamplesSqlite:107 - CubeFinder database Configuration version=2.11
2020-12-03 16:22:59,445 [INFO] DbExamplesSqlite:108 - CubeFinder database generation date=2020-11-16 (1605534434)
2020-12-03 16:22:59,445 [INFO] DbExamplesSqlite:109 - CubeFinder database FW Pack versions=[STM32Cube_FW_F4_V1.25.2, STM32Cube_FW_F7_V1.16.0, STM32Cube_FW_G0_V1.4.0, STM32Cube_FW_G4_V1.3.0, STM32Cube_FW_H7_V1.8.0, STM32Cube_FW_L5_V1.3.1, STM32Cube_FW_WB_V1.10.0, STM32Cube_FW_WL_V1.0.0]
2020-12-03 16:22:59,445 [INFO] DbExamples:126 - Found 4869 examples
2020-12-03 16:22:59,774 [ERROR] DbExamples:202 - Found 297 examples with invalid data (board or MCU)
2020-12-03 16:22:59,774 [INFO] DbExamples:218 - Found 59 boards with related examples
2020-12-03 16:22:59,782 [INFO] DbExamples:231 - Found 47 MCUs with related examples
2020-12-03 16:22:59,793 [INFO] ApiDb:229 - User favorites file not found: C:\Users\ernoo/.stm32cubeide/favorites.examples.txt
2020-12-03 16:22:59,793 [INFO] DbExamples:252 - Set 0 / 0 favorites Examples
2020-12-03 16:22:59,851 [INFO] CrossSelectorPresenter:1330 - Cross Selector saved comparison directory: C:\Users\ernoo\.stmcufinder\plugins\mcufinder\mcu\cs_comparisons_mx
2020-12-03 16:22:59,854 [INFO] MultiScanPanel:198 - Auto-refresh data requested => check proxy status ongoing
2020-12-03 16:22:59,854 [INFO] FinderPluginLoader:87 - Searching for filters in installed packs
2020-12-03 16:23:00,011 [WARN] DetailPanel:347 - Failed to get advertising image, set to default
2020-12-03 16:23:00,116 [INFO] McuFilterPanel:245 - Update 0 favorites MCUs
2020-12-03 16:23:55,454 [INFO] McuAction:73 - Docs & Resources
2020-12-03 16:26:49,949 [INFO] ApiDb:263 - Save user favorites file C:\Users\ernoo/.stm32cubeide/favorites.mcus.txt: 0 item(s)
2020-12-03 16:26:49,949 [INFO] ApiDb:267 - User favorites MCUs=[]
2020-12-03 16:31:30,819 [INFO] MainUpdater:2644 - connection check result : 10
2020-12-03 16:31:30,929 [INFO] CrossSelectorPresenter:1330 - Cross Selector saved comparison directory: C:\Users\ernoo\.stmcufinder\plugins\mcufinder\mcu\cs_comparisons_mx
2020-12-03 16:31:30,930 [INFO] MultiScanPanel:198 - Auto-refresh data requested => check proxy status ongoing
2020-12-03 16:31:30,931 [INFO] FinderPluginLoader:87 - Searching for filters in installed packs
2020-12-03 16:31:31,102 [WARN] DetailPanel:347 - Failed to get advertising image, set to default
2020-12-03 16:31:31,231 [INFO] McuFilterPanel:245 - Update 0 favorites MCUs
2020-12-03 16:31:35,299 [INFO] MultiScanPanel:198 - Auto-refresh data requested => check proxy status ongoing
2020-12-03 16:31:35,350 [WARN] DetailPanel:347 - Failed to get advertising image, set to default
2020-12-03 16:31:35,366 [INFO] BoardFilterPanel:214 - Update 0 favorites Boards
2020-12-03 16:32:04,921 [INFO] BoardAction:77 - Docs & Resources
2020-12-03 16:32:08,205 [INFO] GuiUtils:222 - Cannot open the file :C:/Users/ernoo/STM32Cube/Repository/\/DB1421.pdf using Desktop.
2020-12-03 16:32:56,638 [INFO] ApiDb:263 - Save user favorites file C:\Users\ernoo/.stm32cubeide/favorites.mcus.txt: 0 item(s)
2020-12-03 16:32:56,638 [INFO] ApiDb:267 - User favorites MCUs=[]
2020-12-03 16:32:56,639 [INFO] ApiDb:263 - Save user favorites file C:\Users\ernoo/.stm32cubeide/favorites.boards.txt: 0 item(s)
2020-12-03 16:32:56,640 [INFO] ApiDb:267 - User favorites Boards=[]
2020-12-03 16:34:13,831 [INFO] MainUpdater:2644 - connection check result : 10
2020-12-03 16:34:13,932 [INFO] CrossSelectorPresenter:1330 - Cross Selector saved comparison directory: C:\Users\ernoo\.stmcufinder\plugins\mcufinder\mcu\cs_comparisons_mx
2020-12-03 16:34:13,934 [INFO] MultiScanPanel:198 - Auto-refresh data requested => check proxy status ongoing
2020-12-03 16:34:13,935 [INFO] FinderPluginLoader:87 - Searching for filters in installed packs
2020-12-03 16:34:14,062 [WARN] DetailPanel:347 - Failed to get advertising image, set to default
2020-12-03 16:34:14,200 [INFO] McuFilterPanel:245 - Update 0 favorites MCUs
2020-12-03 16:34:24,163 [INFO] MultiScanPanel:198 - Auto-refresh data requested => check proxy status ongoing
2020-12-03 16:34:24,177 [WARN] DetailPanel:347 - Failed to get advertising image, set to default
2020-12-03 16:34:24,188 [INFO] BoardFilterPanel:214 - Update 0 favorites Boards
2020-12-03 16:35:03,151 [INFO] ApiDb:263 - Save user favorites file C:\Users\ernoo/.stm32cubeide/favorites.mcus.txt: 0 item(s)
2020-12-03 16:35:03,151 [INFO] ApiDb:267 - User favorites MCUs=[]
2020-12-03 16:35:03,153 [INFO] ApiDb:263 - Save user favorites file C:\Users\ernoo/.stm32cubeide/favorites.boards.txt: 0 item(s)
2020-12-03 16:35:03,153 [INFO] ApiDb:267 - User favorites Boards=[]
2020-12-06 21:57:23,160 [INFO] Activator:170 - 


2020-12-06 21:57:23,170 [INFO] Activator:171 - !SESSION log4j initialized
2020-12-06 22:00:50,249 [INFO] Activator:170 - 


2020-12-06 22:00:50,254 [INFO] Activator:171 - !SESSION log4j initialized
2020-12-06 22:25:12,487 [INFO] McuFinderGlobals:40 - Set McuFinder mode to 2 (CubeIDE integrated)
2020-12-06 22:25:12,910 [INFO] ApplicationProperties:181 - Using Application install path: C:\ST\STM32CubeIDE_1.5.0\STM32CubeIDE\plugins\com.st.stm32cube.common.mx_6.1.0.202011121557
2020-12-06 22:25:12,926 [INFO] DbMcusXml:71 - Set database path to: C:\ST\STM32CubeIDE_1.5.0\STM32CubeIDE\plugins\com.st.stm32cube.common.mx_6.1.0.202011121557\\db\/mcu/
2020-12-06 22:25:12,932 [INFO] DbBoardsPdsc:57 - Set plugin database path to: C:\ST\STM32CubeIDE_1.5.0\STM32CubeIDE\plugins\com.st.stm32cube.common.mx_6.1.0.202011121557\\db\/plugins/boardmanager/
2020-12-06 22:25:12,934 [INFO] DbMcus:259 - Set plugin images path to: C:\ST\STM32CubeIDE_1.5.0\STM32CubeIDE\plugins\com.st.stm32cube.common.mx_6.1.0.202011121557\\db\/plugins/mcufinder/images/
2020-12-06 22:25:12,934 [INFO] DbBoards:265 - Set plugin images path to: C:\ST\STM32CubeIDE_1.5.0\STM32CubeIDE\plugins\com.st.stm32cube.common.mx_6.1.0.202011121557\\db\/plugins/mcufinder/images/
2020-12-06 22:25:12,938 [INFO] DbExamples:329 - Set plugin images path to: C:\ST\STM32CubeIDE_1.5.0\STM32CubeIDE\plugins\com.st.stm32cube.common.mx_6.1.0.202011121557\\db\/plugins/mcufinder/images/
2020-12-06 22:25:12,954 [INFO] DbMcusDocs:112 - Set database path to: C:\Users\ernoo\.stmcufinder\plugins\mcufinder//mcu/
2020-12-06 22:25:12,958 [INFO] DbMcusJson:63 - Set database path to: C:\Users\ernoo\.stmcufinder\plugins\mcufinder//mcu/
2020-12-06 22:25:12,958 [INFO] DbBoardsDocs:112 - Set database path to: C:\Users\ernoo\.stmcufinder\plugins\mcufinder//mcu/
2020-12-06 22:25:12,958 [INFO] DbBoardsJson:56 - Set database path to: C:\Users\ernoo\.stmcufinder\plugins\mcufinder//mcu/
2020-12-06 22:25:13,084 [INFO] CrossReferenceDbSqlite:196 - Set database path to: C:\Users\ernoo\.stmcufinder\plugins\mcufinder//mcu/cs/
2020-12-06 22:25:13,085 [INFO] DbExamplesSqlite:699 - Set database path to: C:\Users\ernoo\.stmcufinder\plugins\mcufinder//mcu/
2020-12-06 22:25:13,286 [INFO] RulesReader:52 - Compatibility file has been processed (228 Rules)
2020-12-06 22:25:13,510 [INFO] MicroXplorer:565 - Detected Java Version = 1.8.0_272
2020-12-06 22:25:13,510 [INFO] DbMcusXml:71 - Set database path to: C:\ST\STM32CubeIDE_1.5.0\STM32CubeIDE\plugins\com.st.stm32cube.common.mx_6.1.0.202011121557\\db\/mcu/
2020-12-06 22:25:13,512 [INFO] DbBoardsPdsc:57 - Set plugin database path to: C:\ST\STM32CubeIDE_1.5.0\STM32CubeIDE\plugins\com.st.stm32cube.common.mx_6.1.0.202011121557\\db\/plugins/boardmanager/
2020-12-06 22:25:13,513 [INFO] DbMcus:259 - Set plugin images path to: C:\ST\STM32CubeIDE_1.5.0\STM32CubeIDE\plugins\com.st.stm32cube.common.mx_6.1.0.202011121557\\db\/plugins/mcufinder/images/
2020-12-06 22:25:13,513 [INFO] DbBoards:265 - Set plugin images path to: C:\ST\STM32CubeIDE_1.5.0\STM32CubeIDE\plugins\com.st.stm32cube.common.mx_6.1.0.202011121557\\db\/plugins/mcufinder/images/
2020-12-06 22:25:13,513 [INFO] DbExamples:329 - Set plugin images path to: C:\ST\STM32CubeIDE_1.5.0\STM32CubeIDE\plugins\com.st.stm32cube.common.mx_6.1.0.202011121557\\db\/plugins/mcufinder/images/
2020-12-06 22:25:13,513 [WARN] DbFile:36 - Overriding database path with different value: C:\Users\ernoo\.stmcufinder\plugins\mcufinder/ => C:\Users\ernoo\.stmcufinder\plugins\mcufinder
2020-12-06 22:25:13,513 [INFO] DbMcusDocs:112 - Set database path to: C:\Users\ernoo\.stmcufinder\plugins\mcufinder//mcu/
2020-12-06 22:25:13,514 [WARN] DbFile:36 - Overriding database path with different value: C:\Users\ernoo\.stmcufinder\plugins\mcufinder/ => C:\Users\ernoo\.stmcufinder\plugins\mcufinder
2020-12-06 22:25:13,514 [INFO] DbMcusJson:63 - Set database path to: C:\Users\ernoo\.stmcufinder\plugins\mcufinder//mcu/
2020-12-06 22:25:13,514 [WARN] DbFile:36 - Overriding database path with different value: C:\Users\ernoo\.stmcufinder\plugins\mcufinder/ => C:\Users\ernoo\.stmcufinder\plugins\mcufinder
2020-12-06 22:25:13,514 [INFO] DbBoardsDocs:112 - Set database path to: C:\Users\ernoo\.stmcufinder\plugins\mcufinder//mcu/
2020-12-06 22:25:13,514 [WARN] DbFile:36 - Overriding database path with different value: C:\Users\ernoo\.stmcufinder\plugins\mcufinder/ => C:\Users\ernoo\.stmcufinder\plugins\mcufinder
2020-12-06 22:25:13,514 [INFO] DbBoardsJson:56 - Set database path to: C:\Users\ernoo\.stmcufinder\plugins\mcufinder//mcu/
2020-12-06 22:25:13,516 [WARN] DbFile:36 - Overriding database path with different value: C:\Users\ernoo\.stmcufinder\plugins\mcufinder/ => C:\Users\ernoo\.stmcufinder\plugins\mcufinder
2020-12-06 22:25:13,516 [WARN] DbFile:36 - Overriding database path with different value: C:\Users\ernoo\.stmcufinder\plugins\mcufinder/ => C:\Users\ernoo\.stmcufinder\plugins\mcufinder
2020-12-06 22:25:13,516 [INFO] CrossReferenceDbSqlite:196 - Set database path to: C:\Users\ernoo\.stmcufinder\plugins\mcufinder//mcu/cs/
2020-12-06 22:25:13,517 [WARN] DbFile:36 - Overriding database path with different value: C:\Users\ernoo\.stmcufinder\plugins\mcufinder/ => C:\Users\ernoo\.stmcufinder\plugins\mcufinder
2020-12-06 22:25:13,517 [INFO] DbExamplesSqlite:699 - Set database path to: C:\Users\ernoo\.stmcufinder\plugins\mcufinder//mcu/
2020-12-06 22:25:13,648 [INFO] MainPanel:190 - HeapMemory: 358612992
2020-12-06 22:25:13,762 [INFO] DbMcusXml:71 - Set database path to: C:\ST\STM32CubeIDE_1.5.0\STM32CubeIDE\plugins\com.st.stm32cube.common.mx_6.1.0.202011121557\\db\/mcu/
2020-12-06 22:25:13,763 [INFO] DbBoardsPdsc:57 - Set plugin database path to: C:\ST\STM32CubeIDE_1.5.0\STM32CubeIDE\plugins\com.st.stm32cube.common.mx_6.1.0.202011121557\\db\/plugins/boardmanager/
2020-12-06 22:25:13,763 [INFO] DbMcus:259 - Set plugin images path to: C:\ST\STM32CubeIDE_1.5.0\STM32CubeIDE\plugins\com.st.stm32cube.common.mx_6.1.0.202011121557\\db\/plugins/mcufinder/images/
2020-12-06 22:25:13,763 [INFO] DbBoards:265 - Set plugin images path to: C:\ST\STM32CubeIDE_1.5.0\STM32CubeIDE\plugins\com.st.stm32cube.common.mx_6.1.0.202011121557\\db\/plugins/mcufinder/images/
2020-12-06 22:25:13,763 [INFO] DbExamples:329 - Set plugin images path to: C:\ST\STM32CubeIDE_1.5.0\STM32CubeIDE\plugins\com.st.stm32cube.common.mx_6.1.0.202011121557\\db\/plugins/mcufinder/images/
2020-12-06 22:25:13,764 [WARN] DbFile:36 - Overriding database path with different value: C:\Users\ernoo\.stmcufinder\plugins\mcufinder/ => C:\Users\ernoo\.stmcufinder\plugins\mcufinder
2020-12-06 22:25:13,764 [INFO] DbMcusDocs:112 - Set database path to: C:\Users\ernoo\.stmcufinder\plugins\mcufinder//mcu/
2020-12-06 22:25:13,764 [WARN] DbFile:36 - Overriding database path with different value: C:\Users\ernoo\.stmcufinder\plugins\mcufinder/ => C:\Users\ernoo\.stmcufinder\plugins\mcufinder
2020-12-06 22:25:13,764 [INFO] DbMcusJson:63 - Set database path to: C:\Users\ernoo\.stmcufinder\plugins\mcufinder//mcu/
2020-12-06 22:25:13,764 [WARN] DbFile:36 - Overriding database path with different value: C:\Users\ernoo\.stmcufinder\plugins\mcufinder/ => C:\Users\ernoo\.stmcufinder\plugins\mcufinder
2020-12-06 22:25:13,764 [INFO] DbBoardsDocs:112 - Set database path to: C:\Users\ernoo\.stmcufinder\plugins\mcufinder//mcu/
2020-12-06 22:25:13,766 [WARN] DbFile:36 - Overriding database path with different value: C:\Users\ernoo\.stmcufinder\plugins\mcufinder/ => C:\Users\ernoo\.stmcufinder\plugins\mcufinder
2020-12-06 22:25:13,766 [INFO] DbBoardsJson:56 - Set database path to: C:\Users\ernoo\.stmcufinder\plugins\mcufinder//mcu/
2020-12-06 22:25:13,766 [WARN] DbFile:36 - Overriding database path with different value: C:\Users\ernoo\.stmcufinder\plugins\mcufinder/ => C:\Users\ernoo\.stmcufinder\plugins\mcufinder
2020-12-06 22:25:13,766 [WARN] DbFile:36 - Overriding database path with different value: C:\Users\ernoo\.stmcufinder\plugins\mcufinder/ => C:\Users\ernoo\.stmcufinder\plugins\mcufinder
2020-12-06 22:25:13,766 [INFO] CrossReferenceDbSqlite:196 - Set database path to: C:\Users\ernoo\.stmcufinder\plugins\mcufinder//mcu/cs/
2020-12-06 22:25:13,766 [WARN] DbFile:36 - Overriding database path with different value: C:\Users\ernoo\.stmcufinder\plugins\mcufinder/ => C:\Users\ernoo\.stmcufinder\plugins\mcufinder
2020-12-06 22:25:13,766 [INFO] DbExamplesSqlite:699 - Set database path to: C:\Users\ernoo\.stmcufinder\plugins\mcufinder//mcu/
2020-12-06 22:25:13,796 [INFO] ApplicationProperties:181 - Using Application install path: C:\ST\STM32CubeIDE_1.5.0\STM32CubeIDE\plugins\com.st.stm32cube.common.mx_6.1.0.202011121557
2020-12-06 22:25:13,803 [INFO] PluginManage:178 - Search for loadable plugins [exclusion list=, ]
2020-12-06 22:25:13,807 [INFO] PluginManage:292 - Check plugin analytics
2020-12-06 22:25:18,603 [INFO] AnalyticsPlugin:225 - Accepted Software Licenses: 
2020-12-06 22:25:18,603 [INFO] AnalyticsPlugin:227 - Accepted CMSIS Pack Licenses: 
2020-12-06 22:25:18,603 [INFO] AnalyticsPlugin:229 - Accepted Firmware Licenses: 
2020-12-06 22:25:18,603 [INFO] PluginManage:342 - Loaded plugin analytics (category:tool,tabindex:-1)
2020-12-06 22:25:18,604 [INFO] PluginManage:292 - Check plugin clock
2020-12-06 22:25:18,630 [INFO] PluginManage:342 - Loaded plugin clock (category:base,tabindex:2)
2020-12-06 22:25:18,630 [INFO] PluginManage:292 - Check plugin ddr
2020-12-06 22:25:18,634 [INFO] PluginManage:342 - Loaded plugin ddr (category:tool,tabindex:6)
2020-12-06 22:25:18,634 [INFO] PluginManage:292 - Check plugin filemanager
2020-12-06 22:25:18,795 [INFO] PluginManage:342 - Loaded plugin filemanager (category:base,tabindex:10)
2020-12-06 22:25:18,795 [INFO] PluginManage:292 - Check plugin ipmanager
2020-12-06 22:25:18,821 [INFO] PluginManage:342 - Loaded plugin ipmanager (category:base,tabindex:5)
2020-12-06 22:25:18,821 [INFO] PluginManage:292 - Check plugin pinoutandconfiguration
2020-12-06 22:25:18,843 [INFO] PluginManage:342 - Loaded plugin pinoutandconfiguration (category:base,tabindex:1)
2020-12-06 22:25:18,843 [INFO] PluginManage:292 - Check plugin pinoutconfig
2020-12-06 22:25:18,893 [INFO] PluginManage:342 - Loaded plugin pinoutconfig (category:base,tabindex:0)
2020-12-06 22:25:18,893 [INFO] PluginManage:292 - Check plugin power
2020-12-06 22:25:18,923 [INFO] PluginManage:342 - Loaded plugin power (category:power,tabindex:4)
2020-12-06 22:25:18,924 [INFO] PluginManage:292 - Check plugin projectmanager
2020-12-06 22:25:18,945 [INFO] PluginManage:342 - Loaded plugin projectmanager (category:projectmanager,tabindex:3)
2020-12-06 22:25:18,945 [INFO] PluginManage:292 - Check plugin thirdparty
2020-12-06 22:25:19,187 [INFO] PluginManage:342 - Loaded plugin thirdparty (category:base,tabindex:-1)
2020-12-06 22:25:19,187 [WARN] IntegrityCheckThread:59 - waiting for thirdparty lock release [integrity check]
2020-12-06 22:25:19,187 [INFO] PluginManage:292 - Check plugin tools
2020-12-06 22:25:19,187 [INFO] IntegrityCheckThread:61 - entering critical section [integrity check]
2020-12-06 22:25:19,188 [INFO] ThirdPartyUpdaterWithRetryManager:56 - Updater plugin not ready yet. [1/15]
2020-12-06 22:25:19,239 [INFO] PluginManage:342 - Loaded plugin tools (category:base,tabindex:7)
2020-12-06 22:25:19,239 [INFO] PluginManage:292 - Check plugin tutovideos
2020-12-06 22:25:19,540 [INFO] PluginManage:342 - Loaded plugin tutovideos (category:base,tabindex:-1)
2020-12-06 22:25:19,540 [INFO] PluginManage:292 - Check plugin updater
2020-12-06 22:25:19,564 [INFO] PluginManage:342 - Loaded plugin updater (category:base,tabindex:12)
2020-12-06 22:25:19,564 [INFO] PluginManage:265 - PluginManage : Loaded plugins [13]
2020-12-06 22:25:19,937 [INFO] PinOutPanel:1434 - setPackage(No Configuration,No Configuration)
2020-12-06 22:25:20,149 [INFO] IPUIPlugin:64 - create IPUIPlugin
2020-12-06 22:25:20,149 [INFO] PluginManager:203 - loadIPPluginJar : add adc
2020-12-06 22:25:20,191 [INFO] IPUIPlugin:64 - create IPUIPlugin
2020-12-06 22:25:20,191 [INFO] PluginManager:203 - loadIPPluginJar : add aes
2020-12-06 22:25:20,270 [INFO] IPUIPlugin:64 - create IPUIPlugin
2020-12-06 22:25:20,271 [INFO] PluginManager:203 - loadIPPluginJar : add can
2020-12-06 22:25:20,304 [INFO] IPUIPlugin:64 - create IPUIPlugin
2020-12-06 22:25:20,304 [INFO] PluginManager:203 - loadIPPluginJar : add comp
2020-12-06 22:25:20,367 [INFO] IPUIPlugin:64 - create IPUIPlugin
2020-12-06 22:25:20,367 [INFO] PluginManager:203 - loadIPPluginJar : add cryp
2020-12-06 22:25:20,429 [INFO] IPUIPlugin:64 - create IPUIPlugin
2020-12-06 22:25:20,429 [INFO] PluginManager:203 - loadIPPluginJar : add dfsdm
2020-12-06 22:25:20,449 [INFO] IPUIPlugin:64 - create IPUIPlugin
2020-12-06 22:25:20,456 [INFO] PluginManager:203 - loadIPPluginJar : add dma
2020-12-06 22:25:20,489 [INFO] IPUIPlugin:64 - create IPUIPlugin
2020-12-06 22:25:20,489 [INFO] PluginManager:203 - loadIPPluginJar : add fatfs
2020-12-06 22:25:20,561 [INFO] IPUIPlugin:64 - create IPUIPlugin
2020-12-06 22:25:20,562 [INFO] PluginManager:203 - loadIPPluginJar : add fmc
2020-12-06 22:25:20,572 [INFO] IPUIPlugin:64 - create IPUIPlugin
2020-12-06 22:25:20,572 [INFO] PluginManager:203 - loadIPPluginJar : add freertos
2020-12-06 22:25:20,598 [INFO] IPUIPlugin:64 - create IPUIPlugin
2020-12-06 22:25:20,598 [INFO] PluginManager:203 - loadIPPluginJar : add genericplugin
2020-12-06 22:25:20,739 [INFO] IPUIPlugin:64 - create IPUIPlugin
2020-12-06 22:25:20,739 [INFO] PluginManager:203 - loadIPPluginJar : add gfxmmu
2020-12-06 22:25:20,965 [INFO] IPUIPlugin:64 - create IPUIPlugin
2020-12-06 22:25:20,966 [INFO] PluginManager:203 - loadIPPluginJar : add gic
2020-12-06 22:25:20,997 [INFO] IPUIPlugin:64 - create IPUIPlugin
2020-12-06 22:25:20,997 [INFO] PluginManager:203 - loadIPPluginJar : add gpio
2020-12-06 22:25:21,081 [INFO] IPUIPlugin:64 - create IPUIPlugin
2020-12-06 22:25:21,081 [INFO] PluginManager:203 - loadIPPluginJar : add gtzc
2020-12-06 22:25:21,133 [INFO] IPUIPlugin:64 - create IPUIPlugin
2020-12-06 22:25:21,133 [INFO] PluginManager:203 - loadIPPluginJar : add hash
2020-12-06 22:25:21,238 [INFO] IPUIPlugin:64 - create IPUIPlugin
2020-12-06 22:25:21,238 [INFO] PluginManager:203 - loadIPPluginJar : add i2c
2020-12-06 22:25:21,306 [INFO] IPUIPlugin:64 - create IPUIPlugin
2020-12-06 22:25:21,306 [INFO] PluginManager:203 - loadIPPluginJar : add i2s
2020-12-06 22:25:21,328 [INFO] IPUIPlugin:64 - create IPUIPlugin
2020-12-06 22:25:21,328 [INFO] PluginManager:203 - loadIPPluginJar : add ipddr
2020-12-06 22:25:21,364 [INFO] IPUIPlugin:64 - create IPUIPlugin
2020-12-06 22:25:21,380 [INFO] PluginManager:203 - loadIPPluginJar : add lorawan
2020-12-06 22:25:21,434 [INFO] IPUIPlugin:64 - create IPUIPlugin
2020-12-06 22:25:21,434 [INFO] PluginManager:203 - loadIPPluginJar : add ltdc
2020-12-06 22:25:21,465 [INFO] IPUIPlugin:64 - create IPUIPlugin
2020-12-06 22:25:21,465 [INFO] PluginManager:203 - loadIPPluginJar : add mdma
2020-12-06 22:25:21,490 [INFO] IPUIPlugin:64 - create IPUIPlugin
2020-12-06 22:25:21,490 [INFO] PluginManager:203 - loadIPPluginJar : add nvic
2020-12-06 22:25:21,546 [INFO] IPUIPlugin:64 - create IPUIPlugin
2020-12-06 22:25:21,546 [INFO] PluginManager:203 - loadIPPluginJar : add opamp
2020-12-06 22:25:21,655 [INFO] IPUIPlugin:64 - create IPUIPlugin
2020-12-06 22:25:21,655 [INFO] PluginManager:203 - loadIPPluginJar : add openamp
2020-12-06 22:25:21,719 [INFO] IPUIPlugin:64 - create IPUIPlugin
2020-12-06 22:25:21,719 [INFO] PluginManager:203 - loadIPPluginJar : add pdm2pcm
2020-12-06 22:25:21,751 [INFO] IPUIPlugin:64 - create IPUIPlugin
2020-12-06 22:25:21,751 [INFO] PluginManager:203 - loadIPPluginJar : add plateformsettings
2020-12-06 22:25:21,787 [INFO] IPUIPlugin:64 - create IPUIPlugin
2020-12-06 22:25:21,788 [INFO] PluginManager:203 - loadIPPluginJar : add quadspi
2020-12-06 22:25:21,806 [INFO] IPUIPlugin:64 - create IPUIPlugin
2020-12-06 22:25:21,806 [INFO] PluginManager:203 - loadIPPluginJar : add resmgrutility
2020-12-06 22:25:21,854 [INFO] IPUIPlugin:64 - create IPUIPlugin
2020-12-06 22:25:21,854 [INFO] PluginManager:203 - loadIPPluginJar : add sai
2020-12-06 22:25:21,896 [INFO] IPUIPlugin:64 - create IPUIPlugin
2020-12-06 22:25:21,897 [INFO] PluginManager:203 - loadIPPluginJar : add spi
2020-12-06 22:25:21,945 [INFO] IPUIPlugin:64 - create IPUIPlugin
2020-12-06 22:25:21,945 [INFO] PluginManager:203 - loadIPPluginJar : add stm32_wpan
2020-12-06 22:25:21,965 [INFO] IPUIPlugin:64 - create IPUIPlugin
2020-12-06 22:25:21,965 [INFO] PluginManager:203 - loadIPPluginJar : add tim
2020-12-06 22:25:22,056 [INFO] IPUIPlugin:64 - create IPUIPlugin
2020-12-06 22:25:22,056 [INFO] PluginManager:203 - loadIPPluginJar : add touchsensing
2020-12-06 22:25:22,089 [INFO] IPUIPlugin:64 - create IPUIPlugin
2020-12-06 22:25:22,104 [INFO] PluginManager:203 - loadIPPluginJar : add tracer_emb
2020-12-06 22:25:22,154 [INFO] IPUIPlugin:64 - create IPUIPlugin
2020-12-06 22:25:22,155 [INFO] PluginManager:203 - loadIPPluginJar : add ts
2020-12-06 22:25:22,172 [INFO] IPUIPlugin:64 - create IPUIPlugin
2020-12-06 22:25:22,172 [INFO] PluginManager:203 - loadIPPluginJar : add tsc
2020-12-06 22:25:22,199 [INFO] ThirdPartyUpdaterWithRetryManager:56 - Updater plugin not ready yet. [2/15]
2020-12-06 22:25:22,200 [INFO] IPUIPlugin:64 - create IPUIPlugin
2020-12-06 22:25:22,200 [INFO] PluginManager:203 - loadIPPluginJar : add ucpd
2020-12-06 22:25:22,284 [INFO] IPUIPlugin:64 - create IPUIPlugin
2020-12-06 22:25:22,284 [INFO] PluginManager:203 - loadIPPluginJar : add usart
2020-12-06 22:25:22,700 [FATAL] Updater:284 - Updater called before beeing initialized
2020-12-06 22:25:22,894 [FATAL] Updater:284 - Updater called before beeing initialized
2020-12-06 22:25:23,000 [WARN] DetailPanel:347 - Failed to get advertising image, set to default
2020-12-06 22:25:23,001 [FATAL] Updater:284 - Updater called before beeing initialized
2020-12-06 22:25:23,001 [WARN] DetailPanel:347 - Failed to get advertising image, set to default
2020-12-06 22:25:23,141 [FATAL] Updater:284 - Updater called before beeing initialized
2020-12-06 22:25:23,141 [WARN] ThirdParty:783 - waiting for thirdparty lock release [close project]
2020-12-06 22:25:25,199 [INFO] ThirdPartyUpdaterWithRetryManager:56 - Updater plugin not ready yet. [3/15]
2020-12-06 22:25:28,207 [FATAL] Updater:284 - Updater called before beeing initialized
2020-12-06 22:25:28,207 [ERROR] AbstractThirdPartyUpdaterManager:153 - java.lang.Integer cannot be cast to java.util.List
2020-12-06 22:25:28,207 [INFO] ThirdParty:887 - Integrity check success = false
2020-12-06 22:25:28,207 [INFO] IntegrityCheckThread:75 - exiting critical section [integrity check]
2020-12-06 22:25:28,207 [INFO] IntegrityCheckThread:78 - End integrity checks thread
2020-12-06 22:25:28,207 [INFO] ThirdParty:785 - entering critical section [close project]
2020-12-06 22:25:28,207 [INFO] ThirdParty:796 - exiting critical section [close project]
2020-12-06 22:25:28,222 [INFO] PinOutPanel:1434 - setPackage(No Configuration,No Configuration)
2020-12-06 22:25:28,222 [FATAL] Updater:284 - Updater called before beeing initialized
2020-12-06 22:25:28,265 [ERROR] Updater:1065 - MainUpdater not yet initialized. External WinMGr cannot be set.
2020-12-06 22:25:28,282 [INFO] Updater:1002 - Updater Version found : 6.1.0
2020-12-06 22:25:28,321 [INFO] ApplicationProperties:181 - Using Application install path: C:\ST\STM32CubeIDE_1.5.0\STM32CubeIDE\plugins\com.st.stm32cube.common.mx_6.1.0.202011121557
2020-12-06 22:25:28,795 [INFO] MainUpdater:2644 - connection check result : 10
2020-12-06 22:25:28,795 [INFO] MainUpdater:249 - Updater Check For Update Now.
2020-12-06 22:25:28,795 [INFO] MicroXplorer:415 - Change Database Version : DB.6.0.10
2020-12-06 22:25:28,901 [INFO] CheckServerUpdateThread:102 - End of CheckServer Thread
2020-12-06 22:25:28,967 [INFO] MainUpdater:2644 - connection check result : 10
2020-12-06 22:25:29,798 [INFO] CrossSelectorPresenter:1330 - Cross Selector saved comparison directory: C:\Users\ernoo\.stmcufinder\plugins\mcufinder\mcu\cs_comparisons_mx
2020-12-06 22:25:29,805 [INFO] MultiScanPanel:198 - Auto-refresh data requested => check proxy status ongoing
2020-12-06 22:25:29,807 [INFO] FinderPluginLoader:87 - Searching for filters in installed packs
2020-12-06 22:25:29,810 [INFO] DbMcusXml:97 - Load MCU database from C:\ST\STM32CubeIDE_1.5.0\STM32CubeIDE\plugins\com.st.stm32cube.common.mx_6.1.0.202011121557\\db\/mcu/families.xml
2020-12-06 22:25:30,499 [INFO] DbMcusJson:92 - JSON generation date=Thu Nov 05 19:05:07 AST 2020 (1604592307)
2020-12-06 22:25:31,378 [INFO] DbMcus:176 - Found 1835 MCUs (1796 are supported by CubeMX, 1796 are visible in CubeMX)
2020-12-06 22:25:31,388 [INFO] ApiDb:238 - Load user favorites file C:\Users\ernoo/.stm32cubeide/favorites.mcus.txt: 0 item(s)
2020-12-06 22:25:31,388 [INFO] ApiDb:242 - User favorites MCUs=[]
2020-12-06 22:25:31,388 [INFO] DbMcus:188 - Set 0 / 0 favorites MCUs
2020-12-06 22:25:31,874 [WARN] DetailPanel:347 - Failed to get advertising image, set to default
2020-12-06 22:25:32,251 [INFO] McuFilterPanel:245 - Update 0 favorites MCUs
2020-12-06 22:25:32,355 [INFO] DbBoardsPdsc:91 - Found 24 items
2020-12-06 22:25:32,366 [INFO] DbBoardsPdsc:91 - Found 9 items
2020-12-06 22:25:32,378 [INFO] DbBoardsPdsc:91 - Found 32 items
2020-12-06 22:25:32,398 [INFO] DbBoardsPdsc:91 - Found 1 items
2020-12-06 22:25:32,415 [INFO] DbBoardsPdsc:91 - Found 45 items
2020-12-06 22:25:32,423 [INFO] DbBoardsPdsc:91 - Found 41 items
2020-12-06 22:25:32,442 [INFO] DbBoardsPdsc:91 - Found 2 items
2020-12-06 22:25:32,444 [INFO] DbBoardsPdsc:91 - Found 4 items
2020-12-06 22:25:32,457 [WARN] DbBoardsPdsc:255 - Board STM32H7B3I-DK: unknown feature type=Audio, name=, username=Audio stereo codec with Headphone Amp (CS42L51-CNZ), n=1
2020-12-06 22:25:32,457 [WARN] DbBoardsPdsc:255 - Board STM32H735G-DK: unknown feature type=Audio, name=, username=Audio stereo codec with Headphone Amp (WM8994ECS/R), n=1
2020-12-06 22:25:32,460 [WARN] DbBoardsPdsc:255 - Board STM32H7B3I-EVAL: unknown feature type=Audio, name=, username=Multi-Channel Audio Codec (CS42L51-CNZ), n=1
2020-12-06 22:25:32,460 [WARN] DbBoardsPdsc:255 - Board STM32H7B3I-EVAL: unknown feature type=Meter, name=, username=Power-metering and Temperature-monitoring with sigma-delta modulators, n=1
2020-12-06 22:25:32,461 [WARN] DbBoardsPdsc:255 - Board STM32H7B3I-EVAL: unknown feature type=Motor, name=, username=Motor Control, n=1
2020-12-06 22:25:32,511 [INFO] DbBoardsJson:85 - JSON generation date=Thu Nov 05 17:55:26 AST 2020 (1604588126)
2020-12-06 22:25:32,525 [INFO] DbBoards:118 - Found 158 boards (155 are supported by CubeMX)
2020-12-06 22:25:32,543 [INFO] DbBoardsDocs:145 - JSON generation date=Thu Nov 05 19:05:07 AST 2020 (1604592307)
2020-12-06 22:25:32,579 [INFO] DbBoardsDocs:81 - Found 190 boards documents
2020-12-06 22:25:32,579 [WARN] DbBoards:128 - board B-L462E-CELL1 has no document id list !
2020-12-06 22:25:32,579 [WARN] DbBoards:128 - board B-L475E-IOT01A2 has no document id list !
2020-12-06 22:25:32,579 [WARN] DbBoards:128 - board NUCLEO-G0B1RE has no document id list !
2020-12-06 22:25:32,579 [WARN] DbBoards:128 - board NUCLEO-G491RE has no document id list !
2020-12-06 22:25:32,595 [WARN] DbBoards:128 - board NUCLEO-H743ZI2 has no document id list !
2020-12-06 22:25:32,595 [WARN] DbBoards:128 - board NUCLEO-L4A6ZG has no document id list !
2020-12-06 22:25:32,596 [WARN] DbBoards:128 - board NUCLEO-WB55RG has no document id list !
2020-12-06 22:25:32,596 [WARN] DbBoards:128 - board NUCLEO-WL55JC1 has no document id list !
2020-12-06 22:25:32,596 [WARN] DbBoards:128 - board NUCLEO-WL55JC2 has no document id list !
2020-12-06 22:25:32,596 [WARN] DbBoards:128 - board P-NUCLEO-WB55-Nucleo has no document id list !
2020-12-06 22:25:32,596 [WARN] DbBoards:128 - board P-NUCLEO-WB55-USBDongle has no document id list !
2020-12-06 22:25:32,596 [WARN] DbBoards:128 - board STEVAL-BFA001V1B has no document id list !
2020-12-06 22:25:32,597 [WARN] DbBoards:128 - board STEVAL-BFA001V2B has no document id list !
2020-12-06 22:25:32,597 [WARN] DbBoards:128 - board STEVAL-IDP005V1 has no document id list !
2020-12-06 22:25:32,597 [WARN] DbBoards:128 - board STEVAL-IDP005V2 has no document id list !
2020-12-06 22:25:32,598 [WARN] DbBoards:128 - board STEVAL-MKSBOX1V1 has no document id list !
2020-12-06 22:25:32,598 [WARN] DbBoards:128 - board STEVAL-STWINKT1 has no document id list !
2020-12-06 22:25:32,598 [WARN] DbBoards:128 - board STM32F401C-DISCO has no document id list !
2020-12-06 22:25:32,599 [WARN] DbBoards:128 - board STM32F769I-DISC1 has no document id list !
2020-12-06 22:25:32,599 [WARN] DbBoards:128 - board STM32G0C1E-EV has no document id list !
2020-12-06 22:25:32,599 [WARN] DbBoards:128 - board STM32G474E-EVAL1 has no document id list !
2020-12-06 22:25:32,599 [WARN] DbBoards:128 - board STM32H743I-EVAL2 has no document id list !
2020-12-06 22:25:32,599 [WARN] DbBoards:128 - board STM32H747I-DISC1 has no document id list !
2020-12-06 22:25:32,599 [WARN] DbBoards:128 - board STM32H753I-EVAL2 has no document id list !
2020-12-06 22:25:32,599 [WARN] DbBoards:128 - board STM32L-DISCOVERY has no document id list !
2020-12-06 22:25:32,601 [WARN] DbBoards:128 - board STM32MP157A-DK1 has no document id list !
2020-12-06 22:25:32,602 [WARN] DbBoards:128 - board STM32MP157F-DK2 has no document id list !
2020-12-06 22:25:32,602 [WARN] DbBoards:128 - board STM32MP157F-EV1 has no document id list !
2020-12-06 22:25:33,990 [INFO] ApiDb:238 - Load user favorites file C:\Users\ernoo/.stm32cubeide/favorites.boards.txt: 0 item(s)
2020-12-06 22:25:33,990 [INFO] ApiDb:242 - User favorites Boards=[]
2020-12-06 22:25:33,990 [INFO] DbBoards:207 - Set 0 / 0 favorites Boards
2020-12-06 22:26:21,455 [INFO] MultiScanPanel:198 - Auto-refresh data requested => check proxy status ongoing
2020-12-06 22:26:21,524 [WARN] DetailPanel:347 - Failed to get advertising image, set to default
2020-12-06 22:26:21,556 [INFO] BoardFilterPanel:214 - Update 0 favorites Boards
2020-12-06 22:27:00,729 [INFO] ApiDb:263 - Save user favorites file C:\Users\ernoo/.stm32cubeide/favorites.mcus.txt: 0 item(s)
2020-12-06 22:27:00,729 [INFO] ApiDb:267 - User favorites MCUs=[]
2020-12-06 22:27:00,731 [INFO] ApiDb:263 - Save user favorites file C:\Users\ernoo/.stm32cubeide/favorites.boards.txt: 0 item(s)
2020-12-06 22:27:00,732 [INFO] ApiDb:267 - User favorites Boards=[]
